#
# There is insufficient memory for the Java Runtime Environment to continue.
# Native memory allocation (malloc) failed to allocate 2097152 bytes for AllocateHeap
# Possible reasons:
#   The system is out of physical RAM or swap space
#   The process is running with CompressedOops enabled, and the Java Heap may be blocking the growth of the native heap
# Possible solutions:
#   Reduce memory load on the system
#   Increase physical memory or swap space
#   Check if swap backing store is full
#   Decrease Java heap size (-Xmx/-Xms)
#   Decrease number of Java threads
#   Decrease Java thread stack sizes (-Xss)
#   Set larger code cache with -XX:ReservedCodeCacheSize=
#   JVM is running with Unscaled Compressed Oops mode in which the Java heap is
#     placed in the first 4GB address space. The Java Heap base address is the
#     maximum limit for the native heap growth. Please use -XX:HeapBaseMinAddress
#     to set the Java Heap base and to place the Java Heap above 4GB virtual address.
# This output file may be truncated or incomplete.
#
#  Out of Memory Error (allocation.cpp:44), pid=21444, tid=20508
#
# JRE version: OpenJDK Runtime Environment Temurin-17.0.2+8 (17.0.2+8) (build 17.0.2+8)
# Java VM: OpenJDK 64-Bit Server VM Temurin-17.0.2+8 (17.0.2+8, mixed mode, emulated-client, tiered, compressed oops, compressed class ptrs, g1 gc, windows-amd64)
# No core dump will be written. Minidumps are not enabled by default on client versions of Windows
#

---------------  S U M M A R Y ------------

Command Line: -Dsts.lsp.client=vscode -Dsts.log.file=/dev/null -XX:TieredStopAtLevel=1 -Dspring.config.location=file:c:\Users\Laure\.vscode\extensions\pivotal.vscode-spring-boot-1.33.0\language-server\BOOT-INF\classes\application.properties org.springframework.ide.vscode.boot.app.BootLanguageServerBootApp

Host: Intel(R) Core(TM) i5-8265U CPU @ 1.60GHz, 8 cores, 7G,  Windows 11 , 64 bit Build 22000 (10.0.22000.613)
Time: Fri May 13 10:58:32 2022 Hora est. Pacífico, Sudamérica elapsed time: 37113.650784 seconds (0d 10h 18m 33s)

---------------  T H R E A D  ---------------

Current thread (0x00000156113fcef0):  VMThread "VM Thread" [stack: 0x0000000248000000,0x0000000248100000] [id=20508]

Stack: [0x0000000248000000,0x0000000248100000]
Native frames: (J=compiled Java code, j=interpreted, Vv=VM code, C=native code)
V  [jvm.dll+0x67564a]
V  [jvm.dll+0x82fc04]
V  [jvm.dll+0x8313ae]
V  [jvm.dll+0x831a13]
V  [jvm.dll+0x245235]
V  [jvm.dll+0xa6393]
V  [jvm.dll+0x2f52c1]
V  [jvm.dll+0x2f0f70]
V  [jvm.dll+0x2d96c7]
V  [jvm.dll+0x31c6b7]
V  [jvm.dll+0x835ebb]
V  [jvm.dll+0x836bf4]
V  [jvm.dll+0x83710c]
V  [jvm.dll+0x8374e4]
V  [jvm.dll+0x8375b0]
V  [jvm.dll+0x7dff2a]
V  [jvm.dll+0x6744d5]
C  [ucrtbase.dll+0x26c0c]
C  [KERNEL32.DLL+0x154e0]
C  [ntdll.dll+0x485b]

VM_Operation (0x00000002497febc0): G1CollectFull, mode: safepoint, requested by thread 0x000001561434f840


---------------  P R O C E S S  ---------------

Threads class SMR info:
_java_thread_list=0x000001561d82a3f0, length=43, elements={
0x000001561141ce80, 0x000001561141d810, 0x0000015612022cd0, 0x0000015612025970,
0x0000015612026e50, 0x000001561202b330, 0x0000015601d9fbc0, 0x000001561203ed70,
0x00000156121a4b40, 0x00000156121a9030, 0x000001561434f840, 0x000001561435b400,
0x00000156040937b0, 0x000001561441ea60, 0x0000015614498880, 0x00000156144bb710,
0x000001561449a9a0, 0x00000156144f67e0, 0x000001561430d8b0, 0x000001561430f590,
0x000001561430fa60, 0x000001561430c0a0, 0x000001561430ca40, 0x000001561430dd80,
0x000001561430c570, 0x00000156147a7a20, 0x00000156147a5d40, 0x00000156147a4a00,
0x00000156147a8d60, 0x00000156147a8890, 0x00000156147aa0a0, 0x00000156147a4060,
0x00000156147aaa40, 0x00000156147a7ef0, 0x00000156147a6210, 0x00000156147a9230,
0x00000156147ab3e0, 0x00000156147a4ed0, 0x00000156147a9700, 0x00000156147a5870,
0x000001561430cf10, 0x000001561430ebf0, 0x000001561430d3e0
}

Java Threads: ( => current thread )
  0x000001561141ce80 JavaThread "Reference Handler" daemon [_thread_blocked, id=20520, stack(0x0000000248100000,0x0000000248200000)]
  0x000001561141d810 JavaThread "Finalizer" daemon [_thread_blocked, id=20088, stack(0x0000000248200000,0x0000000248300000)]
  0x0000015612022cd0 JavaThread "Signal Dispatcher" daemon [_thread_blocked, id=20484, stack(0x0000000248300000,0x0000000248400000)]
  0x0000015612025970 JavaThread "Attach Listener" daemon [_thread_blocked, id=17800, stack(0x0000000248400000,0x0000000248500000)]
  0x0000015612026e50 JavaThread "Service Thread" daemon [_thread_blocked, id=4732, stack(0x0000000248500000,0x0000000248600000)]
  0x000001561202b330 JavaThread "Monitor Deflation Thread" daemon [_thread_blocked, id=21380, stack(0x0000000248600000,0x0000000248700000)]
  0x0000015601d9fbc0 JavaThread "C1 CompilerThread0" daemon [_thread_blocked, id=700, stack(0x0000000248700000,0x0000000248800000)]
  0x000001561203ed70 JavaThread "Sweeper thread" daemon [_thread_blocked, id=21440, stack(0x0000000248800000,0x0000000248900000)]
  0x00000156121a4b40 JavaThread "Notification Thread" daemon [_thread_blocked, id=2464, stack(0x0000000248b00000,0x0000000248c00000)]
  0x00000156121a9030 JavaThread "Common-Cleaner" daemon [_thread_blocked, id=2496, stack(0x0000000248d00000,0x0000000248e00000)]
  0x000001561434f840 JavaThread "pool-7-thread-1" [_thread_blocked, id=5640, stack(0x0000000249700000,0x0000000249800000)]
  0x000001561435b400 JavaThread "LanguageServerApp-lifecycle" [_thread_blocked, id=6044, stack(0x0000000249800000,0x0000000249900000)]
  0x00000156040937b0 JavaThread "DestroyJavaVM" [_thread_blocked, id=4316, stack(0x0000000247a00000,0x0000000247b00000)]
  0x000001561441ea60 JavaThread "pool-8-thread-1" [_thread_in_native, id=20672, stack(0x0000000249900000,0x0000000249a00000)]
  0x0000015614498880 JavaThread "Simple-Language-Server main thread" daemon [_thread_blocked, id=10712, stack(0x0000000249a00000,0x0000000249b00000)]
  0x00000156144bb710 JavaThread "Reconciler-1" [_thread_blocked, id=5828, stack(0x0000000249b00000,0x0000000249c00000)]
  0x000001561449a9a0 JavaThread "pool-5-thread-1" [_thread_blocked, id=8352, stack(0x0000000249c00000,0x0000000249d00000)]
  0x00000156144f67e0 JavaThread "parallel-1" daemon [_thread_blocked, id=4872, stack(0x0000000249d00000,0x0000000249e00000)]
  0x000001561430d8b0 JavaThread "pool-3-thread-1" [_thread_blocked, id=4272, stack(0x000000024a000000,0x000000024a100000)]
  0x000001561430f590 JavaThread "pool-6-thread-1" [_thread_blocked, id=14300, stack(0x0000000248a00000,0x0000000248b00000)]
  0x000001561430fa60 JavaThread "pool-6-thread-2" [_thread_blocked, id=3168, stack(0x0000000248e00000,0x0000000248f00000)]
  0x000001561430c0a0 JavaThread "pool-6-thread-3" [_thread_blocked, id=3540, stack(0x000000024a100000,0x000000024a200000)]
  0x000001561430ca40 JavaThread "pool-6-thread-4" [_thread_blocked, id=13964, stack(0x000000024a200000,0x000000024a300000)]
  0x000001561430dd80 JavaThread "pool-6-thread-5" [_thread_blocked, id=3572, stack(0x000000024a300000,0x000000024a400000)]
  0x000001561430c570 JavaThread "pool-4-thread-1" [_thread_blocked, id=3848, stack(0x000000024a400000,0x000000024a500000)]
  0x00000156147a7a20 JavaThread "RMI Scheduler(0)" daemon [_thread_blocked, id=3312, stack(0x0000000248900000,0x0000000248a00000)]
  0x00000156147a5d40 JavaThread "pool-4-thread-2" [_thread_blocked, id=4332, stack(0x000000024a800000,0x000000024a900000)]
  0x00000156147a4a00 JavaThread "pool-4-thread-3" [_thread_blocked, id=5304, stack(0x000000024aa00000,0x000000024ab00000)]
  0x00000156147a8d60 JavaThread "pool-4-thread-4" [_thread_blocked, id=18880, stack(0x000000024a900000,0x000000024aa00000)]
  0x00000156147a8890 JavaThread "pool-4-thread-5" [_thread_blocked, id=14388, stack(0x000000024ab00000,0x000000024ac00000)]
  0x00000156147aa0a0 JavaThread "pool-4-thread-6" [_thread_blocked, id=9184, stack(0x000000024ac00000,0x000000024ad00000)]
  0x00000156147a4060 JavaThread "pool-4-thread-7" [_thread_blocked, id=1292, stack(0x000000024ad00000,0x000000024ae00000)]
  0x00000156147aaa40 JavaThread "pool-4-thread-8" [_thread_blocked, id=17896, stack(0x000000024ae00000,0x000000024af00000)]
  0x00000156147a7ef0 JavaThread "pool-4-thread-9" [_thread_blocked, id=8372, stack(0x000000024b100000,0x000000024b200000)]
  0x00000156147a6210 JavaThread "pool-4-thread-10" [_thread_blocked, id=7672, stack(0x000000024b200000,0x000000024b300000)]
  0x00000156147a9230 JavaThread "pool-6-thread-6" [_thread_blocked, id=13588, stack(0x0000000249f00000,0x000000024a000000)]
  0x00000156147ab3e0 JavaThread "pool-6-thread-7" [_thread_blocked, id=17716, stack(0x000000024a500000,0x000000024a600000)]
  0x00000156147a4ed0 JavaThread "pool-6-thread-8" [_thread_blocked, id=6148, stack(0x000000024a700000,0x000000024a800000)]
  0x00000156147a9700 JavaThread "pool-6-thread-9" [_thread_blocked, id=22328, stack(0x000000024a600000,0x000000024a700000)]
  0x00000156147a5870 JavaThread "pool-6-thread-10" [_thread_blocked, id=19072, stack(0x000000024b300000,0x000000024b400000)]
  0x000001561430cf10 JavaThread "pool-2-thread-35" [_thread_blocked, id=4416, stack(0x0000000249e00000,0x0000000249f00000)]
  0x000001561430ebf0 JavaThread "RMI RenewClean-[192.168.1.3:62610]" daemon [_thread_blocked, id=4828, stack(0x000000024af00000,0x000000024b000000)]
  0x000001561430d3e0 JavaThread "RMI RenewClean-[192.168.1.3:62701]" daemon [_thread_blocked, id=13244, stack(0x000000024b400000,0x000000024b500000)]

Other Threads:
=>0x00000156113fcef0 VMThread "VM Thread" [stack: 0x0000000248000000,0x0000000248100000] [id=20508]
  0x0000015601d9b850 WatcherThread [stack: 0x0000000248c00000,0x0000000248d00000] [id=2484]
  0x00000156040cfde0 GCTaskThread "GC Thread#0" [stack: 0x0000000247b00000,0x0000000247c00000] [id=20512]
  0x000001561296bcf0 GCTaskThread "GC Thread#1" [stack: 0x0000000248f00000,0x0000000249000000] [id=14252]
  0x00000156129874f0 GCTaskThread "GC Thread#2" [stack: 0x0000000249000000,0x0000000249100000] [id=14248]
  0x00000156129cc050 GCTaskThread "GC Thread#3" [stack: 0x0000000249100000,0x0000000249200000] [id=9560]
  0x0000015612921360 GCTaskThread "GC Thread#4" [stack: 0x0000000249200000,0x0000000249300000] [id=2688]
  0x0000015612921610 GCTaskThread "GC Thread#5" [stack: 0x0000000249300000,0x0000000249400000] [id=2780]
  0x0000015612a04de0 GCTaskThread "GC Thread#6" [stack: 0x0000000249400000,0x0000000249500000] [id=9068]
  0x0000015612b4e440 GCTaskThread "GC Thread#7" [stack: 0x0000000249500000,0x0000000249600000] [id=5652]
  0x00000156040e08b0 ConcurrentGCThread "G1 Main Marker" [stack: 0x0000000247c00000,0x0000000247d00000] [id=20556]
  0x00000156040e2130 ConcurrentGCThread "G1 Conc#0" [stack: 0x0000000247d00000,0x0000000247e00000] [id=20572]
  0x000001561417b210 ConcurrentGCThread "G1 Conc#1" [stack: 0x0000000249600000,0x0000000249700000] [id=11916]
  0x00000156112624d0 ConcurrentGCThread "G1 Refine#0" [stack: 0x0000000247e00000,0x0000000247f00000] [id=17472]
  0x0000015611262a10 ConcurrentGCThread "G1 Service" [stack: 0x0000000247f00000,0x0000000248000000] [id=20588]

Threads with active compile tasks:

VM state: at safepoint (normal execution)

VM Mutex/Monitor currently owned by a thread:  ([mutex/lock_event])
[0x0000015601db3f50] Threads_lock - owner thread: 0x00000156113fcef0
[0x0000015601db5780] Heap_lock - owner thread: 0x000001561434f840

Heap address: 0x0000000081c00000, size: 2020 MB, Compressed Oops mode: 32-bit

CDS archive(s) not mapped
Compressed class space mapped at: 0x0000000100000000-0x0000000140000000, reserved size: 1073741824
Narrow klass base: 0x0000000000000000, Narrow klass shift: 3, Narrow klass range: 0x140000000

GC Precious Log:
 CPUs: 8 total, 8 available
 Memory: 8079M
 Large Page Support: Disabled
 NUMA Support: Disabled
 Compressed Oops: Enabled (32-bit)
 Heap Region Size: 1M
 Heap Min Capacity: 8M
 Heap Initial Capacity: 128M
 Heap Max Capacity: 2020M
 Pre-touch: Disabled
 Parallel Workers: 8
 Concurrent Workers: 2
 Concurrent Refinement Workers: 8
 Periodic GC: Disabled

Heap:
 garbage-first heap   total 86016K, used 25642K [0x0000000081c00000, 0x0000000100000000)
  region size 1024K, 1 young (1024K), 0 survivors (0K)
 Metaspace       used 42894K, committed 43264K, reserved 1089536K
  class space    used 5499K, committed 5696K, reserved 1048576K

Heap Regions: E=young(eden), S=young(survivor), O=old, HS=humongous(starts), HC=humongous(continues), CS=collection set, F=free, OA=open archive, CA=closed archive, TAMS=top-at-mark-start (previous, next)
|   0|0x0000000081c00000, 0x0000000081d00000, 0x0000000081d00000|100%| O|  |TAMS 0x0000000081d00000, 0x0000000081c00000| Untracked 
|   1|0x0000000081d00000, 0x0000000081e00000, 0x0000000081e00000|100%| O|  |TAMS 0x0000000081e00000, 0x0000000081d00000| Untracked 
|   2|0x0000000081e00000, 0x0000000081effff0, 0x0000000081f00000| 99%| O|  |TAMS 0x0000000081effff0, 0x0000000081e00000| Untracked 
|   3|0x0000000081f00000, 0x0000000081ffffe8, 0x0000000082000000| 99%| O|  |TAMS 0x0000000081ffffe8, 0x0000000081f00000| Untracked 
|   4|0x0000000082000000, 0x00000000820fffe0, 0x0000000082100000| 99%| O|  |TAMS 0x00000000820fffe0, 0x0000000082000000| Untracked 
|   5|0x0000000082100000, 0x00000000821fffc8, 0x0000000082200000| 99%| O|  |TAMS 0x00000000821fffc8, 0x0000000082100000| Untracked 
|   6|0x0000000082200000, 0x00000000822fffd8, 0x0000000082300000| 99%| O|  |TAMS 0x00000000822fffd8, 0x0000000082200000| Untracked 
|   7|0x0000000082300000, 0x00000000823fd9e8, 0x0000000082400000| 99%| O|  |TAMS 0x00000000823fd9e8, 0x0000000082300000| Untracked 
|   8|0x0000000082400000, 0x00000000824fffe0, 0x0000000082500000| 99%| O|  |TAMS 0x00000000824fffe0, 0x0000000082400000| Untracked 
|   9|0x0000000082500000, 0x00000000825ffff0, 0x0000000082600000| 99%| O|  |TAMS 0x00000000825ffff0, 0x0000000082500000| Untracked 
|  10|0x0000000082600000, 0x00000000826ffd60, 0x0000000082700000| 99%| O|  |TAMS 0x00000000826ffd60, 0x0000000082600000| Untracked 
|  11|0x0000000082700000, 0x00000000827ffff8, 0x0000000082800000| 99%| O|  |TAMS 0x00000000827ffff8, 0x0000000082700000| Untracked 
|  12|0x0000000082800000, 0x00000000828ffff0, 0x0000000082900000| 99%| O|  |TAMS 0x00000000828ffff0, 0x0000000082800000| Untracked 
|  13|0x0000000082900000, 0x00000000829fffc0, 0x0000000082a00000| 99%| O|  |TAMS 0x00000000829fffc0, 0x0000000082900000| Untracked 
|  14|0x0000000082a00000, 0x0000000082afffc8, 0x0000000082b00000| 99%| O|  |TAMS 0x0000000082afffc8, 0x0000000082a00000| Untracked 
|  15|0x0000000082b00000, 0x0000000082c00000, 0x0000000082c00000|100%|HS|  |TAMS 0x0000000082c00000, 0x0000000082b00000| Untracked 
|  16|0x0000000082c00000, 0x0000000082cfde58, 0x0000000082d00000| 99%| O|  |TAMS 0x0000000082cfde58, 0x0000000082c00000| Untracked 
|  17|0x0000000082d00000, 0x0000000082dfffd8, 0x0000000082e00000| 99%| O|  |TAMS 0x0000000082dfffd8, 0x0000000082d00000| Untracked 
|  18|0x0000000082e00000, 0x0000000082f00000, 0x0000000082f00000|100%| O|  |TAMS 0x0000000082f00000, 0x0000000082e00000| Untracked 
|  19|0x0000000082f00000, 0x0000000082fffff0, 0x0000000083000000| 99%| O|  |TAMS 0x0000000082f00000, 0x0000000082f00000| Untracked 
|  20|0x0000000083000000, 0x0000000083100000, 0x0000000083100000|100%| O|  |TAMS 0x0000000083100000, 0x0000000083000000| Untracked 
|  21|0x0000000083100000, 0x00000000831de878, 0x0000000083200000| 86%| O|  |TAMS 0x0000000083100000, 0x0000000083100000| Untracked 
|  22|0x0000000083200000, 0x00000000832fffe8, 0x0000000083300000| 99%| O|  |TAMS 0x0000000083200000, 0x0000000083200000| Untracked 
|  23|0x0000000083300000, 0x00000000833e4738, 0x0000000083400000| 89%| O|  |TAMS 0x0000000083300000, 0x0000000083300000| Untracked 
|  24|0x0000000083400000, 0x0000000083404a30, 0x0000000083500000|  1%| O|  |TAMS 0x0000000083400000, 0x0000000083400000| Untracked 
|  25|0x0000000083500000, 0x0000000083500000, 0x0000000083600000|  0%| F|  |TAMS 0x0000000083500000, 0x0000000083500000| Untracked 
|  26|0x0000000083600000, 0x0000000083600000, 0x0000000083700000|  0%| F|  |TAMS 0x0000000083600000, 0x0000000083600000| Untracked 
|  27|0x0000000083700000, 0x0000000083700000, 0x0000000083800000|  0%| F|  |TAMS 0x0000000083700000, 0x0000000083700000| Untracked 
|  28|0x0000000083800000, 0x0000000083800000, 0x0000000083900000|  0%| F|  |TAMS 0x0000000083800000, 0x0000000083800000| Untracked 
|  29|0x0000000083900000, 0x0000000083900000, 0x0000000083a00000|  0%| F|  |TAMS 0x0000000083900000, 0x0000000083900000| Untracked 
|  30|0x0000000083a00000, 0x0000000083a00000, 0x0000000083b00000|  0%| F|  |TAMS 0x0000000083a00000, 0x0000000083a00000| Untracked 
|  31|0x0000000083b00000, 0x0000000083b00000, 0x0000000083c00000|  0%| F|  |TAMS 0x0000000083b00000, 0x0000000083b00000| Untracked 
|  32|0x0000000083c00000, 0x0000000083c00000, 0x0000000083d00000|  0%| F|  |TAMS 0x0000000083c00000, 0x0000000083c00000| Untracked 
|  33|0x0000000083d00000, 0x0000000083d00000, 0x0000000083e00000|  0%| F|  |TAMS 0x0000000083d00000, 0x0000000083d00000| Untracked 
|  34|0x0000000083e00000, 0x0000000083e00000, 0x0000000083f00000|  0%| F|  |TAMS 0x0000000083e00000, 0x0000000083e00000| Untracked 
|  35|0x0000000083f00000, 0x0000000083f00000, 0x0000000084000000|  0%| F|  |TAMS 0x0000000083f00000, 0x0000000083f00000| Untracked 
|  36|0x0000000084000000, 0x0000000084000000, 0x0000000084100000|  0%| F|  |TAMS 0x0000000084000000, 0x0000000084000000| Untracked 
|  37|0x0000000084100000, 0x0000000084100000, 0x0000000084200000|  0%| F|  |TAMS 0x0000000084100000, 0x0000000084100000| Untracked 
|  38|0x0000000084200000, 0x0000000084200000, 0x0000000084300000|  0%| F|  |TAMS 0x0000000084200000, 0x0000000084200000| Untracked 
|  39|0x0000000084300000, 0x0000000084300000, 0x0000000084400000|  0%| F|  |TAMS 0x0000000084300000, 0x0000000084300000| Untracked 
|  40|0x0000000084400000, 0x0000000084400000, 0x0000000084500000|  0%| F|  |TAMS 0x0000000084400000, 0x0000000084400000| Untracked 
|  41|0x0000000084500000, 0x00000000845a6ed0, 0x0000000084600000| 65%| O|  |TAMS 0x0000000084500000, 0x0000000084500000| Untracked 
|  42|0x0000000084600000, 0x00000000846a0e70, 0x0000000084700000| 62%| O|  |TAMS 0x0000000084600000, 0x0000000084600000| Untracked 
|  43|0x0000000084700000, 0x0000000084700000, 0x0000000084800000|  0%| F|  |TAMS 0x0000000084700000, 0x0000000084700000| Untracked 
|  44|0x0000000084800000, 0x0000000084800000, 0x0000000084900000|  0%| F|  |TAMS 0x0000000084800000, 0x0000000084800000| Untracked 
|  45|0x0000000084900000, 0x0000000084900000, 0x0000000084a00000|  0%| F|  |TAMS 0x0000000084900000, 0x0000000084900000| Untracked 
|  46|0x0000000084a00000, 0x0000000084a00000, 0x0000000084b00000|  0%| F|  |TAMS 0x0000000084a00000, 0x0000000084a00000| Untracked 
|  47|0x0000000084b00000, 0x0000000084b00000, 0x0000000084c00000|  0%| F|  |TAMS 0x0000000084b00000, 0x0000000084b00000| Untracked 
|  48|0x0000000084c00000, 0x0000000084c00000, 0x0000000084d00000|  0%| F|  |TAMS 0x0000000084c00000, 0x0000000084c00000| Untracked 
|  49|0x0000000084d00000, 0x0000000084d00000, 0x0000000084e00000|  0%| F|  |TAMS 0x0000000084d00000, 0x0000000084d00000| Untracked 
|  50|0x0000000084e00000, 0x0000000084e00000, 0x0000000084f00000|  0%| F|  |TAMS 0x0000000084e00000, 0x0000000084e00000| Untracked 
|  51|0x0000000084f00000, 0x0000000084f00000, 0x0000000085000000|  0%| F|  |TAMS 0x0000000084f00000, 0x0000000084f00000| Untracked 
|  52|0x0000000085000000, 0x0000000085000000, 0x0000000085100000|  0%| F|  |TAMS 0x0000000085000000, 0x0000000085000000| Untracked 
|  53|0x0000000085100000, 0x0000000085100000, 0x0000000085200000|  0%| F|  |TAMS 0x0000000085100000, 0x0000000085100000| Untracked 
|  54|0x0000000085200000, 0x0000000085200000, 0x0000000085300000|  0%| F|  |TAMS 0x0000000085200000, 0x0000000085200000| Untracked 
|  55|0x0000000085300000, 0x0000000085300000, 0x0000000085400000|  0%| F|  |TAMS 0x0000000085300000, 0x0000000085300000| Untracked 
|  56|0x0000000085400000, 0x0000000085400000, 0x0000000085500000|  0%| F|  |TAMS 0x0000000085400000, 0x0000000085400000| Untracked 
|  57|0x0000000085500000, 0x0000000085500000, 0x0000000085600000|  0%| F|  |TAMS 0x0000000085500000, 0x0000000085500000| Untracked 
|  58|0x0000000085600000, 0x0000000085600000, 0x0000000085700000|  0%| F|  |TAMS 0x0000000085600000, 0x0000000085600000| Untracked 
|  59|0x0000000085700000, 0x0000000085700000, 0x0000000085800000|  0%| F|  |TAMS 0x0000000085700000, 0x0000000085700000| Untracked 
|  60|0x0000000085800000, 0x0000000085800000, 0x0000000085900000|  0%| F|  |TAMS 0x0000000085800000, 0x0000000085800000| Untracked 
|  61|0x0000000085900000, 0x0000000085900000, 0x0000000085a00000|  0%| F|  |TAMS 0x0000000085900000, 0x0000000085900000| Untracked 
|  62|0x0000000085a00000, 0x0000000085a00000, 0x0000000085b00000|  0%| F|  |TAMS 0x0000000085a00000, 0x0000000085a00000| Untracked 
|  63|0x0000000085b00000, 0x0000000085b00000, 0x0000000085c00000|  0%| F|  |TAMS 0x0000000085b00000, 0x0000000085b00000| Untracked 
|  64|0x0000000085c00000, 0x0000000085c00000, 0x0000000085d00000|  0%| F|  |TAMS 0x0000000085c00000, 0x0000000085c00000| Untracked 
|  65|0x0000000085d00000, 0x0000000085d00000, 0x0000000085e00000|  0%| F|  |TAMS 0x0000000085d00000, 0x0000000085d00000| Untracked 
|  66|0x0000000085e00000, 0x0000000085e00000, 0x0000000085f00000|  0%| F|  |TAMS 0x0000000085e00000, 0x0000000085e00000| Untracked 
|  67|0x0000000085f00000, 0x0000000085f00000, 0x0000000086000000|  0%| F|  |TAMS 0x0000000085f00000, 0x0000000085f00000| Untracked 
|  68|0x0000000086000000, 0x0000000086000000, 0x0000000086100000|  0%| F|  |TAMS 0x0000000086000000, 0x0000000086000000| Untracked 
|  69|0x0000000086100000, 0x0000000086100000, 0x0000000086200000|  0%| F|  |TAMS 0x0000000086100000, 0x0000000086100000| Untracked 
|  70|0x0000000086200000, 0x0000000086200000, 0x0000000086300000|  0%| F|  |TAMS 0x0000000086200000, 0x0000000086200000| Untracked 
|  71|0x0000000086300000, 0x0000000086300000, 0x0000000086400000|  0%| F|  |TAMS 0x0000000086300000, 0x0000000086300000| Untracked 
|  72|0x0000000086400000, 0x0000000086400000, 0x0000000086500000|  0%| F|  |TAMS 0x0000000086400000, 0x0000000086400000| Untracked 
|  73|0x0000000086500000, 0x0000000086500000, 0x0000000086600000|  0%| F|  |TAMS 0x0000000086500000, 0x0000000086500000| Untracked 
|  74|0x0000000086600000, 0x0000000086600000, 0x0000000086700000|  0%| F|  |TAMS 0x0000000086600000, 0x0000000086600000| Untracked 
|  75|0x0000000086700000, 0x0000000086700000, 0x0000000086800000|  0%| F|  |TAMS 0x0000000086700000, 0x0000000086700000| Untracked 
|  76|0x0000000086800000, 0x0000000086800000, 0x0000000086900000|  0%| F|  |TAMS 0x0000000086800000, 0x0000000086800000| Untracked 
|  77|0x0000000086900000, 0x0000000086900000, 0x0000000086a00000|  0%| F|  |TAMS 0x0000000086900000, 0x0000000086900000| Untracked 
|  78|0x0000000086a00000, 0x0000000086a00000, 0x0000000086b00000|  0%| F|  |TAMS 0x0000000086a00000, 0x0000000086a00000| Untracked 
|  79|0x0000000086b00000, 0x0000000086b00000, 0x0000000086c00000|  0%| F|  |TAMS 0x0000000086b00000, 0x0000000086b00000| Untracked 
|  80|0x0000000086c00000, 0x0000000086c00000, 0x0000000086d00000|  0%| F|  |TAMS 0x0000000086c00000, 0x0000000086c00000| Untracked 
|  81|0x0000000086d00000, 0x0000000086d00000, 0x0000000086e00000|  0%| F|  |TAMS 0x0000000086d00000, 0x0000000086d00000| Untracked 
|  82|0x0000000086e00000, 0x0000000086e00000, 0x0000000086f00000|  0%| F|  |TAMS 0x0000000086e00000, 0x0000000086e00000| Untracked 
|  83|0x0000000086f00000, 0x0000000086f05080, 0x0000000087000000|  1%| E|  |TAMS 0x0000000086f00000, 0x0000000086f00000| Complete 

Card table byte_map: [0x000001560a1f0000,0x000001560a5f0000] _byte_map_base: 0x0000015609de2000

Marking Bits (Prev, Next): (CMBitMap*) 0x00000156040d0300, (CMBitMap*) 0x00000156040d0340
 Prev Bits: [0x000001560a9f0000, 0x000001560c980000)
 Next Bits: [0x000001560c980000, 0x000001560e910000)

Polling page: 0x0000015603830000

Metaspace:

Usage:
  Non-class:     36.52 MB used.
      Class:      5.37 MB used.
       Both:     41.89 MB used.

Virtual space:
  Non-class space:       40.00 MB reserved,      36.69 MB ( 92%) committed,  5 nodes.
      Class space:        1.00 GB reserved,       5.56 MB ( <1%) committed,  1 nodes.
             Both:        1.04 GB reserved,      42.25 MB (  4%) committed. 

Chunk freelists:
   Non-Class:  3.21 MB
       Class:  2.46 MB
        Both:  5.67 MB

MaxMetaspaceSize: unlimited
CompressedClassSpaceSize: 1.00 GB
Initial GC threshold: 21.00 MB
Current GC threshold: 70.75 MB
CDS: off
MetaspaceReclaimPolicy: balanced
 - commit_granule_bytes: 65536.
 - commit_granule_words: 8192.
 - virtual_space_node_default_size: 1048576.
 - enlarge_chunks_in_place: 1.
 - new_chunks_are_fully_committed: 0.
 - uncommit_free_chunks: 1.
 - use_allocation_guard: 0.
 - handle_deallocations: 1.


Internal statistics:

num_allocs_failed_limit: 3.
num_arena_births: 1512.
num_arena_deaths: 1090.
num_vsnodes_births: 6.
num_vsnodes_deaths: 0.
num_space_committed: 688.
num_space_uncommitted: 12.
num_chunks_returned_to_freelist: 1533.
num_chunks_taken_from_freelist: 3294.
num_chunk_merges: 581.
num_chunk_splits: 1799.
num_chunks_enlarged: 1029.
num_purges: 68.
num_inconsistent_stats: 0.

CodeCache: size=49152Kb used=21725Kb max_used=22679Kb free=27426Kb
 bounds [0x0000015606ce0000, 0x0000015608340000, 0x0000015609ce0000]
 total_blobs=11019 nmethods=10453 adapters=491
 compilation: enabled
              stopped_count=0, restarted_count=0
 full_count=0

Compilation events (20 events):
Event: 37022.673 Thread 0x0000015601d9fbc0 10584       1       java.lang.invoke.BoundMethodHandle$Species_LL::make (12 bytes)
Event: 37022.673 Thread 0x0000015601d9fbc0 nmethod 10584 0x0000015608043010 code [0x00000156080431c0, 0x00000156080433a8]
Event: 37022.673 Thread 0x0000015601d9fbc0 10585       1       java.lang.invoke.BoundMethodHandle$Species_LL::<init> (18 bytes)
Event: 37022.674 Thread 0x0000015601d9fbc0 nmethod 10585 0x0000015608042c10 code [0x0000015608042da0, 0x0000015608042f48]
Event: 37022.683 Thread 0x0000015601d9fbc0 10586       1       java.io.StreamTokenizer::quoteChar (22 bytes)
Event: 37022.683 Thread 0x0000015601d9fbc0 nmethod 10586 0x0000015608042910 code [0x0000015608042aa0, 0x0000015608042b98]
Event: 37022.768 Thread 0x0000015601d9fbc0 10587       1       java.nio.DirectIntBufferU::<init> (51 bytes)
Event: 37022.768 Thread 0x0000015601d9fbc0 nmethod 10587 0x0000015608042390 code [0x0000015608042540, 0x0000015608042778]
Event: 37023.725 Thread 0x0000015601d9fbc0 10588       1       java.util.List::of (4 bytes)
Event: 37023.725 Thread 0x0000015601d9fbc0 nmethod 10588 0x0000015608042090 code [0x0000015608042220, 0x00000156080422d8]
Event: 37023.725 Thread 0x0000015601d9fbc0 10589       1       java.lang.Module::getClassLoader (20 bytes)
Event: 37023.726 Thread 0x0000015601d9fbc0 nmethod 10589 0x0000015608041d10 code [0x0000015608041ea0, 0x0000015608041fc8]
Event: 37036.431 Thread 0x0000015601d9fbc0 10590       1       org.eclipse.lsp4j.WorkDoneProgressReport::getCancellable (5 bytes)
Event: 37036.431 Thread 0x0000015601d9fbc0 nmethod 10590 0x0000015608041a10 code [0x0000015608041ba0, 0x0000015608041c78]
Event: 37036.431 Thread 0x0000015601d9fbc0 10591       1       org.eclipse.lsp4j.WorkDoneProgressReport::getMessage (5 bytes)
Event: 37036.431 Thread 0x0000015601d9fbc0 nmethod 10591 0x0000015608041710 code [0x00000156080418a0, 0x0000015608041978]
Event: 37036.431 Thread 0x0000015601d9fbc0 10592       1       org.eclipse.lsp4j.WorkDoneProgressReport::getPercentage (5 bytes)
Event: 37036.431 Thread 0x0000015601d9fbc0 nmethod 10592 0x0000015608041410 code [0x00000156080415a0, 0x0000015608041678]
Event: 37036.431 Thread 0x0000015601d9fbc0 10593       1       java.net.InetAddress$InetAddressHolder::getHostName (5 bytes)
Event: 37036.431 Thread 0x0000015601d9fbc0 nmethod 10593 0x0000015608041110 code [0x00000156080412a0, 0x0000015608041378]

GC Heap History (20 events):
Event: 36942.867 GC heap before
{Heap before GC invocations=845 (full 410):
 garbage-first heap   total 86016K, used 25839K [0x0000000081c00000, 0x0000000100000000)
  region size 1024K, 1 young (1024K), 0 survivors (0K)
 Metaspace       used 42967K, committed 43328K, reserved 1089536K
  class space    used 5511K, committed 5696K, reserved 1048576K
}
Event: 36942.998 GC heap after
{Heap after GC invocations=846 (full 411):
 garbage-first heap   total 86016K, used 25570K [0x0000000081c00000, 0x0000000100000000)
  region size 1024K, 0 young (0K), 0 survivors (0K)
 Metaspace       used 42869K, committed 43264K, reserved 1089536K
  class space    used 5494K, committed 5696K, reserved 1048576K
}
Event: 36960.542 GC heap before
{Heap before GC invocations=846 (full 411):
 garbage-first heap   total 86016K, used 69602K [0x0000000081c00000, 0x0000000100000000)
  region size 1024K, 44 young (45056K), 0 survivors (0K)
 Metaspace       used 42869K, committed 43264K, reserved 1089536K
  class space    used 5494K, committed 5696K, reserved 1048576K
}
Event: 36960.544 GC heap after
{Heap after GC invocations=847 (full 411):
 garbage-first heap   total 86016K, used 26913K [0x0000000081c00000, 0x0000000100000000)
  region size 1024K, 2 young (2048K), 2 survivors (2048K)
 Metaspace       used 42869K, committed 43264K, reserved 1089536K
  class space    used 5494K, committed 5696K, reserved 1048576K
}
Event: 36969.063 GC heap before
{Heap before GC invocations=848 (full 411):
 garbage-first heap   total 86016K, used 68897K [0x0000000081c00000, 0x0000000100000000)
  region size 1024K, 43 young (44032K), 2 survivors (2048K)
 Metaspace       used 42869K, committed 43264K, reserved 1089536K
  class space    used 5494K, committed 5696K, reserved 1048576K
}
Event: 36969.065 GC heap after
{Heap after GC invocations=849 (full 411):
 garbage-first heap   total 86016K, used 26431K [0x0000000081c00000, 0x0000000100000000)
  region size 1024K, 1 young (1024K), 1 survivors (1024K)
 Metaspace       used 42869K, committed 43264K, reserved 1089536K
  class space    used 5494K, committed 5696K, reserved 1048576K
}
Event: 36971.919 GC heap before
{Heap before GC invocations=849 (full 411):
 garbage-first heap   total 86016K, used 70463K [0x0000000081c00000, 0x0000000100000000)
  region size 1024K, 44 young (45056K), 1 survivors (1024K)
 Metaspace       used 42889K, committed 43264K, reserved 1089536K
  class space    used 5498K, committed 5696K, reserved 1048576K
}
Event: 36971.921 GC heap after
{Heap after GC invocations=850 (full 411):
 garbage-first heap   total 86016K, used 26767K [0x0000000081c00000, 0x0000000100000000)
  region size 1024K, 2 young (2048K), 2 survivors (2048K)
 Metaspace       used 42889K, committed 43264K, reserved 1089536K
  class space    used 5498K, committed 5696K, reserved 1048576K
}
Event: 36974.158 GC heap before
{Heap before GC invocations=851 (full 411):
 garbage-first heap   total 86016K, used 69775K [0x0000000081c00000, 0x0000000100000000)
  region size 1024K, 44 young (45056K), 2 survivors (2048K)
 Metaspace       used 42889K, committed 43264K, reserved 1089536K
  class space    used 5498K, committed 5696K, reserved 1048576K
}
Event: 36974.159 GC heap after
{Heap after GC invocations=852 (full 411):
 garbage-first heap   total 86016K, used 26521K [0x0000000081c00000, 0x0000000100000000)
  region size 1024K, 1 young (1024K), 1 survivors (1024K)
 Metaspace       used 42889K, committed 43264K, reserved 1089536K
  class space    used 5498K, committed 5696K, reserved 1048576K
}
Event: 36989.300 GC heap before
{Heap before GC invocations=852 (full 411):
 garbage-first heap   total 86016K, used 70553K [0x0000000081c00000, 0x0000000100000000)
  region size 1024K, 44 young (45056K), 1 survivors (1024K)
 Metaspace       used 42889K, committed 43264K, reserved 1089536K
  class space    used 5498K, committed 5696K, reserved 1048576K
}
Event: 36989.302 GC heap after
{Heap after GC invocations=853 (full 411):
 garbage-first heap   total 86016K, used 26855K [0x0000000081c00000, 0x0000000100000000)
  region size 1024K, 2 young (2048K), 2 survivors (2048K)
 Metaspace       used 42889K, committed 43264K, reserved 1089536K
  class space    used 5498K, committed 5696K, reserved 1048576K
}
Event: 37008.152 GC heap before
{Heap before GC invocations=854 (full 411):
 garbage-first heap   total 86016K, used 63719K [0x0000000081c00000, 0x0000000100000000)
  region size 1024K, 39 young (39936K), 2 survivors (2048K)
 Metaspace       used 42889K, committed 43264K, reserved 1089536K
  class space    used 5498K, committed 5696K, reserved 1048576K
}
Event: 37008.155 GC heap after
{Heap after GC invocations=855 (full 411):
 garbage-first heap   total 86016K, used 27113K [0x0000000081c00000, 0x0000000100000000)
  region size 1024K, 2 young (2048K), 2 survivors (2048K)
 Metaspace       used 42889K, committed 43264K, reserved 1089536K
  class space    used 5498K, committed 5696K, reserved 1048576K
}
Event: 37058.191 GC heap before
{Heap before GC invocations=856 (full 411):
 garbage-first heap   total 86016K, used 72169K [0x0000000081c00000, 0x0000000100000000)
  region size 1024K, 43 young (44032K), 2 survivors (2048K)
 Metaspace       used 42989K, committed 43456K, reserved 1089536K
  class space    used 5516K, committed 5760K, reserved 1048576K
}
Event: 37058.195 GC heap after
{Heap after GC invocations=857 (full 411):
 garbage-first heap   total 86016K, used 28565K [0x0000000081c00000, 0x0000000100000000)
  region size 1024K, 3 young (3072K), 3 survivors (3072K)
 Metaspace       used 42989K, committed 43456K, reserved 1089536K
  class space    used 5516K, committed 5760K, reserved 1048576K
}
Event: 37061.382 GC heap before
{Heap before GC invocations=857 (full 411):
 garbage-first heap   total 86016K, used 68501K [0x0000000081c00000, 0x0000000100000000)
  region size 1024K, 42 young (43008K), 3 survivors (3072K)
 Metaspace       used 42989K, committed 43456K, reserved 1089536K
  class space    used 5516K, committed 5760K, reserved 1048576K
}
Event: 37061.384 GC heap after
{Heap after GC invocations=858 (full 411):
 garbage-first heap   total 86016K, used 28760K [0x0000000081c00000, 0x0000000100000000)
  region size 1024K, 4 young (4096K), 4 survivors (4096K)
 Metaspace       used 42989K, committed 43456K, reserved 1089536K
  class space    used 5516K, committed 5760K, reserved 1048576K
}
Event: 37103.376 GC heap before
{Heap before GC invocations=859 (full 411):
 garbage-first heap   total 86016K, used 32409K [0x0000000081c00000, 0x0000000100000000)
  region size 1024K, 9 young (9216K), 4 survivors (4096K)
 Metaspace       used 42989K, committed 43456K, reserved 1089536K
  class space    used 5516K, committed 5760K, reserved 1048576K
}
Event: 37103.428 GC heap after
{Heap after GC invocations=860 (full 412):
 garbage-first heap   total 86016K, used 25642K [0x0000000081c00000, 0x0000000100000000)
  region size 1024K, 0 young (0K), 0 survivors (0K)
 Metaspace       used 42894K, committed 43264K, reserved 1089536K
  class space    used 5499K, committed 5696K, reserved 1048576K
}

Deoptimization events (20 events):
Event: 31725.957 Thread 0x00000156144bb710 DEOPT PACKING pc=0x0000015607f92ae6 sp=0x0000000249bfc590
Event: 31725.957 Thread 0x00000156144bb710 DEOPT UNPACKING pc=0x0000015606d32b43 sp=0x0000000249bfba68 mode 3
Event: 31751.578 Thread 0x00000156147a6bb0 DEOPT PACKING pc=0x0000015607f4bd0f sp=0x000000024b5fd9b0
Event: 31751.578 Thread 0x00000156147a6bb0 DEOPT UNPACKING pc=0x0000015606d32b43 sp=0x000000024b5fceb8 mode 3
Event: 31756.922 Thread 0x00000156144bb710 DEOPT PACKING pc=0x0000015607ea19bf sp=0x0000000249bfd150
Event: 31756.922 Thread 0x00000156144bb710 DEOPT UNPACKING pc=0x0000015606d32b43 sp=0x0000000249bfcb88 mode 3
Event: 31757.292 Thread 0x00000156147a6bb0 DEOPT PACKING pc=0x0000015607f48e1d sp=0x000000024b5fded0
Event: 31757.292 Thread 0x00000156147a6bb0 DEOPT UNPACKING pc=0x0000015606d32b43 sp=0x000000024b5fd400 mode 3
Event: 31903.699 Thread 0x00000156144bb710 DEOPT PACKING pc=0x0000015607eed1ab sp=0x0000000249bfdbc0
Event: 31903.699 Thread 0x00000156144bb710 DEOPT UNPACKING pc=0x0000015606d32b43 sp=0x0000000249bfd0c0 mode 3
Event: 32767.043 Thread 0x00000156144bb710 DEOPT PACKING pc=0x00000156081f4e44 sp=0x0000000249bfd820
Event: 32767.043 Thread 0x00000156144bb710 DEOPT UNPACKING pc=0x0000015606d32b43 sp=0x0000000249bfcd60 mode 3
Event: 34301.771 Thread 0x00000156144bb710 DEOPT PACKING pc=0x00000156080bd51b sp=0x0000000249bfd550
Event: 34301.771 Thread 0x00000156144bb710 DEOPT UNPACKING pc=0x0000015606d32b43 sp=0x0000000249bfca80 mode 3
Event: 34301.771 Thread 0x00000156144bb710 DEOPT PACKING pc=0x00000156080be100 sp=0x0000000249bfd640
Event: 34301.771 Thread 0x00000156144bb710 DEOPT UNPACKING pc=0x0000015606d32b43 sp=0x0000000249bfcb68 mode 3
Event: 34382.477 Thread 0x00000156144bb710 DEOPT PACKING pc=0x00000156080ad68a sp=0x0000000249bfd7b0
Event: 34382.477 Thread 0x00000156144bb710 DEOPT UNPACKING pc=0x0000015606d32b43 sp=0x0000000249bfcc20 mode 3
Event: 34629.383 Thread 0x000001561430d8b0 DEOPT PACKING pc=0x000001560808e5a8 sp=0x000000024a0feaa0
Event: 34629.383 Thread 0x000001561430d8b0 DEOPT UNPACKING pc=0x0000015606d32b43 sp=0x000000024a0fe0e8 mode 3

Classes unloaded (20 events):
Event: 37103.389 Thread 0x00000156113fcef0 Unloading class 0x000000010058a400 'jdk/internal/reflect/GeneratedSerializationConstructorAccessor306'
Event: 37103.389 Thread 0x00000156113fcef0 Unloading class 0x000000010058a000 'jdk/internal/reflect/GeneratedSerializationConstructorAccessor305'
Event: 37103.389 Thread 0x00000156113fcef0 Unloading class 0x0000000100589c00 'jdk/internal/reflect/GeneratedSerializationConstructorAccessor304'
Event: 37103.389 Thread 0x00000156113fcef0 Unloading class 0x0000000100589800 'jdk/internal/reflect/GeneratedSerializationConstructorAccessor303'
Event: 37103.389 Thread 0x00000156113fcef0 Unloading class 0x0000000100589400 'jdk/internal/reflect/GeneratedSerializationConstructorAccessor302'
Event: 37103.389 Thread 0x00000156113fcef0 Unloading class 0x0000000100589000 'jdk/internal/reflect/GeneratedSerializationConstructorAccessor301'
Event: 37103.389 Thread 0x00000156113fcef0 Unloading class 0x000000010053dc00 'jdk/internal/reflect/GeneratedSerializationConstructorAccessor300'
Event: 37103.389 Thread 0x00000156113fcef0 Unloading class 0x000000010053d800 'jdk/internal/reflect/GeneratedSerializationConstructorAccessor299'
Event: 37103.389 Thread 0x00000156113fcef0 Unloading class 0x000000010053d400 'jdk/internal/reflect/GeneratedSerializationConstructorAccessor298'
Event: 37103.389 Thread 0x00000156113fcef0 Unloading class 0x000000010053d000 'jdk/internal/reflect/GeneratedSerializationConstructorAccessor297'
Event: 37103.389 Thread 0x00000156113fcef0 Unloading class 0x0000000100539c00 'jdk/internal/reflect/GeneratedSerializationConstructorAccessor296'
Event: 37103.389 Thread 0x00000156113fcef0 Unloading class 0x0000000100539400 'java/lang/invoke/LambdaForm$MH+0x0000000100539400'
Event: 37103.389 Thread 0x00000156113fcef0 Unloading class 0x0000000100539000 'java/lang/invoke/LambdaForm$MH+0x0000000100539000'
Event: 37103.389 Thread 0x00000156113fcef0 Unloading class 0x0000000100538c00 'java/lang/invoke/LambdaForm$MH+0x0000000100538c00'
Event: 37103.389 Thread 0x00000156113fcef0 Unloading class 0x000000010053e400 'java/lang/invoke/LambdaForm$MH+0x000000010053e400'
Event: 37103.389 Thread 0x00000156113fcef0 Unloading class 0x000000010053e000 'java/lang/invoke/LambdaForm$MH+0x000000010053e000'
Event: 37103.389 Thread 0x00000156113fcef0 Unloading class 0x000000010051fc00 'java/lang/invoke/LambdaForm$MH+0x000000010051fc00'
Event: 37103.389 Thread 0x00000156113fcef0 Unloading class 0x000000010051f800 'java/lang/invoke/LambdaForm$MH+0x000000010051f800'
Event: 37103.389 Thread 0x00000156113fcef0 Unloading class 0x000000010053e800 'java/lang/invoke/LambdaForm$MH+0x000000010053e800'
Event: 37103.389 Thread 0x00000156113fcef0 Unloading class 0x000000010051f400 'java/lang/invoke/LambdaForm$MH+0x000000010051f400'

Classes redefined (0 events):
No events

Internal exceptions (20 events):
Event: 37058.230 Thread 0x000001561430cf10 Exception <a 'java/lang/ArrayIndexOutOfBoundsException'{0x0000000086658020}> (0x0000000086658020) 
thrown [e:\jenkins\tmp\workspace\build\src\src\hotspot\share\runtime\sharedRuntime.cpp, line 628]
Event: 37058.231 Thread 0x000001561430cf10 Exception <a 'java/lang/ArrayIndexOutOfBoundsException'{0x000000008666b910}> (0x000000008666b910) 
thrown [e:\jenkins\tmp\workspace\build\src\src\hotspot\share\runtime\sharedRuntime.cpp, line 628]
Event: 37058.234 Thread 0x000001561430cf10 Exception <a 'java/lang/ArrayIndexOutOfBoundsException'{0x000000008667fbd8}> (0x000000008667fbd8) 
thrown [e:\jenkins\tmp\workspace\build\src\src\hotspot\share\runtime\sharedRuntime.cpp, line 628]
Event: 37058.238 Thread 0x000001561430cf10 Exception <a 'java/lang/ArrayIndexOutOfBoundsException'{0x0000000086501220}> (0x0000000086501220) 
thrown [e:\jenkins\tmp\workspace\build\src\src\hotspot\share\runtime\sharedRuntime.cpp, line 628]
Event: 37060.223 Thread 0x000001561430d3e0 Exception <a 'java/net/ConnectException'{0x0000000086f6c5a8}: Connection refused: connect> (0x0000000086f6c5a8) 
thrown [e:\jenkins\tmp\workspace\build\src\src\hotspot\share\prims\jni.cpp, line 535]
Event: 37060.223 Thread 0x000001561430d3e0 Exception <a 'java/net/SocketException'{0x0000000086f6c8e0}: Socket is not connected: shutdown> (0x0000000086f6c8e0) 
thrown [e:\jenkins\tmp\workspace\build\src\src\hotspot\share\prims\jni.cpp, line 535]
Event: 37060.263 Thread 0x00000156144bb710 Exception <a 'java/lang/ArrayIndexOutOfBoundsException'{0x0000000086400a68}> (0x0000000086400a68) 
thrown [e:\jenkins\tmp\workspace\build\src\src\hotspot\share\runtime\sharedRuntime.cpp, line 628]
Event: 37060.427 Thread 0x00000156144bb710 Exception <a 'java/lang/ArrayIndexOutOfBoundsException'{0x00000000863e5fe0}> (0x00000000863e5fe0) 
thrown [e:\jenkins\tmp\workspace\build\src\src\hotspot\share\runtime\sharedRuntime.cpp, line 628]
Event: 37060.641 Thread 0x00000156144bb710 Exception <a 'java/lang/ArrayIndexOutOfBoundsException'{0x00000000861cb4e8}> (0x00000000861cb4e8) 
thrown [e:\jenkins\tmp\workspace\build\src\src\hotspot\share\runtime\sharedRuntime.cpp, line 628]
Event: 37061.006 Thread 0x000001561430cf10 Exception <a 'java/lang/ArrayIndexOutOfBoundsException'{0x0000000085e55200}> (0x0000000085e55200) 
thrown [e:\jenkins\tmp\workspace\build\src\src\hotspot\share\runtime\sharedRuntime.cpp, line 628]
Event: 37061.010 Thread 0x00000156144bb710 Exception <a 'java/lang/ArrayIndexOutOfBoundsException'{0x0000000085faac18}> (0x0000000085faac18) 
thrown [e:\jenkins\tmp\workspace\build\src\src\hotspot\share\runtime\sharedRuntime.cpp, line 628]
Event: 37061.037 Thread 0x000001561430cf10 Exception <a 'java/lang/ArrayIndexOutOfBoundsException'{0x00000000850944d8}> (0x00000000850944d8) 
thrown [e:\jenkins\tmp\workspace\build\src\src\hotspot\share\runtime\sharedRuntime.cpp, line 628]
Event: 37061.037 Thread 0x000001561430cf10 Exception <a 'java/lang/ArrayIndexOutOfBoundsException'{0x00000000850a7dc8}> (0x00000000850a7dc8) 
thrown [e:\jenkins\tmp\workspace\build\src\src\hotspot\share\runtime\sharedRuntime.cpp, line 628]
Event: 37061.040 Thread 0x000001561430cf10 Exception <a 'java/lang/ArrayIndexOutOfBoundsException'{0x00000000850bc058}> (0x00000000850bc058) 
thrown [e:\jenkins\tmp\workspace\build\src\src\hotspot\share\runtime\sharedRuntime.cpp, line 628]
Event: 37061.044 Thread 0x000001561430cf10 Exception <a 'java/lang/ArrayIndexOutOfBoundsException'{0x0000000084f3ecb8}> (0x0000000084f3ecb8) 
thrown [e:\jenkins\tmp\workspace\build\src\src\hotspot\share\runtime\sharedRuntime.cpp, line 628]
Event: 37061.368 Thread 0x000001561430cf10 Exception <a 'java/lang/ArrayIndexOutOfBoundsException'{0x0000000084e9ef88}> (0x0000000084e9ef88) 
thrown [e:\jenkins\tmp\workspace\build\src\src\hotspot\share\runtime\sharedRuntime.cpp, line 628]
Event: 37061.397 Thread 0x000001561430cf10 Exception <a 'java/lang/ArrayIndexOutOfBoundsException'{0x0000000086c10598}> (0x0000000086c10598) 
thrown [e:\jenkins\tmp\workspace\build\src\src\hotspot\share\runtime\sharedRuntime.cpp, line 628]
Event: 37061.397 Thread 0x000001561430cf10 Exception <a 'java/lang/ArrayIndexOutOfBoundsException'{0x0000000086c23e88}> (0x0000000086c23e88) 
thrown [e:\jenkins\tmp\workspace\build\src\src\hotspot\share\runtime\sharedRuntime.cpp, line 628]
Event: 37061.400 Thread 0x000001561430cf10 Exception <a 'java/lang/ArrayIndexOutOfBoundsException'{0x0000000086c38118}> (0x0000000086c38118) 
thrown [e:\jenkins\tmp\workspace\build\src\src\hotspot\share\runtime\sharedRuntime.cpp, line 628]
Event: 37061.406 Thread 0x000001561430cf10 Exception <a 'java/lang/ArrayIndexOutOfBoundsException'{0x0000000086cb9af8}> (0x0000000086cb9af8) 
thrown [e:\jenkins\tmp\workspace\build\src\src\hotspot\share\runtime\sharedRuntime.cpp, line 628]

VM Operations (20 events):
Event: 37008.155 Executing VM operation: G1TryInitiateConcMark done
Event: 37008.194 Executing VM operation: G1Concurrent
Event: 37008.209 Executing VM operation: G1Concurrent done
Event: 37008.259 Executing VM operation: G1Concurrent
Event: 37008.287 Executing VM operation: G1Concurrent done
Event: 37010.294 Executing VM operation: Cleanup
Event: 37010.294 Executing VM operation: Cleanup done
Event: 37023.417 Executing VM operation: Cleanup
Event: 37023.417 Executing VM operation: Cleanup done
Event: 37058.191 Executing VM operation: G1CollectForAllocation
Event: 37058.195 Executing VM operation: G1CollectForAllocation done
Event: 37061.382 Executing VM operation: G1CollectForAllocation
Event: 37061.384 Executing VM operation: G1CollectForAllocation done
Event: 37061.408 Executing VM operation: G1Concurrent
Event: 37061.417 Executing VM operation: G1Concurrent done
Event: 37061.427 Executing VM operation: G1Concurrent
Event: 37061.427 Executing VM operation: G1Concurrent done
Event: 37103.375 Executing VM operation: G1CollectFull
Event: 37103.428 Executing VM operation: G1CollectFull done
Event: 37113.646 Executing VM operation: G1CollectFull

Events (20 events):
Event: 36330.772 Thread 0x000001561430ebf0 Thread added: 0x000001561430ebf0
Event: 36361.267 Thread 0x000001561430ebf0 Thread exited: 0x000001561430ebf0
Event: 36414.187 Thread 0x000001561430d3e0 Thread exited: 0x000001561430d3e0
Event: 36507.639 Thread 0x000001561430cf10 Thread exited: 0x000001561430cf10
Event: 36642.975 Thread 0x00000156147a6bb0 Thread exited: 0x00000156147a6bb0
Event: 36744.538 Thread 0x000001561430cf10 Thread added: 0x000001561430cf10
Event: 36755.570 Thread 0x000001561430ebf0 Thread added: 0x000001561430ebf0
Event: 36821.909 Thread 0x000001561430ebf0 Thread exited: 0x000001561430ebf0
Event: 36836.340 Thread 0x000001561430ebf0 Thread added: 0x000001561430ebf0
Event: 36836.340 Thread 0x000001561430d3e0 Thread added: 0x000001561430d3e0
Event: 36837.077 Thread 0x00000156147a6bb0 Thread added: 0x00000156147a6bb0
Event: 36853.333 Thread 0x00000156147a6bb0 Thread exited: 0x00000156147a6bb0
Event: 36932.522 Thread 0x000001561430d3e0 Thread exited: 0x000001561430d3e0
Event: 36974.550 Thread 0x00000156147a6bb0 Thread added: 0x00000156147a6bb0
Event: 37023.731 Thread 0x000001561430d3e0 Thread added: 0x000001561430d3e0
Event: 37023.731 Thread 0x00000156126b66e0 Thread added: 0x00000156126b66e0
Event: 37024.220 Thread 0x00000156126b53a0 Thread added: 0x00000156126b53a0
Event: 37034.564 Thread 0x00000156147a6bb0 Thread exited: 0x00000156147a6bb0
Event: 37040.621 Thread 0x00000156126b53a0 Thread exited: 0x00000156126b53a0
Event: 37058.196 Thread 0x00000156126b66e0 Thread exited: 0x00000156126b66e0


Dynamic libraries:
0x00007ff6efe40000 - 0x00007ff6efe4e000 	c:\Users\Laure\.vscode\extensions\redhat.java-1.6.0-win32-x64\jre\17.0.2-win32-x86_64\bin\java.exe
0x00007ffa7b3c0000 - 0x00007ffa7b5c9000 	C:\Windows\SYSTEM32\ntdll.dll
0x00007ffa79e40000 - 0x00007ffa79efd000 	C:\Windows\System32\KERNEL32.DLL
0x00007ffa78970000 - 0x00007ffa78ce4000 	C:\Windows\System32\KERNELBASE.dll
0x00007ffa79110000 - 0x00007ffa79221000 	C:\Windows\System32\ucrtbase.dll
0x00007ffa57700000 - 0x00007ffa57718000 	c:\Users\Laure\.vscode\extensions\redhat.java-1.6.0-win32-x64\jre\17.0.2-win32-x86_64\bin\jli.dll
0x00007ffa79230000 - 0x00007ffa793dc000 	C:\Windows\System32\USER32.dll
0x00007ffa78940000 - 0x00007ffa78966000 	C:\Windows\System32\win32u.dll
0x00007ffa79800000 - 0x00007ffa79829000 	C:\Windows\System32\GDI32.dll
0x00007ffa78e10000 - 0x00007ffa78f22000 	C:\Windows\System32\gdi32full.dll
0x00007ffa78d70000 - 0x00007ffa78e0d000 	C:\Windows\System32\msvcp_win.dll
0x00007ffa576e0000 - 0x00007ffa576f9000 	c:\Users\Laure\.vscode\extensions\redhat.java-1.6.0-win32-x64\jre\17.0.2-win32-x86_64\bin\VCRUNTIME140.dll
0x00007ffa5a7e0000 - 0x00007ffa5aa85000 	C:\Windows\WinSxS\amd64_microsoft.windows.common-controls_6595b64144ccf1df_6.0.22000.120_none_9d947278b86cc467\COMCTL32.dll
0x00007ffa7a170000 - 0x00007ffa7a213000 	C:\Windows\System32\msvcrt.dll
0x00007ffa7b020000 - 0x00007ffa7b051000 	C:\Windows\System32\IMM32.DLL
0x00007ffa36aa0000 - 0x00007ffa36bff000 	C:\Program Files (x86)\Citrix\ICA Client\epclient64.dll
0x00007ffa78170000 - 0x00007ffa78197000 	C:\Windows\SYSTEM32\bcrypt.dll
0x00007ffa71790000 - 0x00007ffa7179a000 	C:\Windows\SYSTEM32\VERSION.dll
0x00007ffa7b080000 - 0x00007ffa7b12e000 	C:\Windows\System32\ADVAPI32.dll
0x00007ffa795c0000 - 0x00007ffa7965e000 	C:\Windows\System32\sechost.dll
0x00007ffa79d20000 - 0x00007ffa79e40000 	C:\Windows\System32\RPCRT4.dll
0x00007ffa75ea0000 - 0x00007ffa75ed4000 	C:\Windows\SYSTEM32\ntmarta.dll
0x00007ffa77940000 - 0x00007ffa77958000 	C:\Windows\SYSTEM32\kernel.appcore.dll
0x00007ffa576d0000 - 0x00007ffa576dc000 	c:\Users\Laure\.vscode\extensions\redhat.java-1.6.0-win32-x64\jre\17.0.2-win32-x86_64\bin\vcruntime140_1.dll
0x00007ffa57630000 - 0x00007ffa576c1000 	c:\Users\Laure\.vscode\extensions\redhat.java-1.6.0-win32-x64\jre\17.0.2-win32-x86_64\bin\msvcp140.dll
0x00007ff9eaa40000 - 0x00007ff9eb687000 	c:\Users\Laure\.vscode\extensions\redhat.java-1.6.0-win32-x64\jre\17.0.2-win32-x86_64\bin\server\jvm.dll
0x00007ffa79ca0000 - 0x00007ffa79ca8000 	C:\Windows\System32\PSAPI.DLL
0x00007ffa31ca0000 - 0x00007ffa31ca9000 	C:\Windows\SYSTEM32\WSOCK32.dll
0x00007ffa7a100000 - 0x00007ffa7a16f000 	C:\Windows\System32\WS2_32.dll
0x00007ffa72a50000 - 0x00007ffa72a83000 	C:\Windows\SYSTEM32\WINMM.dll
0x00007ffa2ce30000 - 0x00007ffa2ce3a000 	c:\Users\Laure\.vscode\extensions\redhat.java-1.6.0-win32-x64\jre\17.0.2-win32-x86_64\bin\jimage.dll
0x00007ffa75640000 - 0x00007ffa75861000 	C:\Windows\SYSTEM32\DBGHELP.DLL
0x00007ffa62ed0000 - 0x00007ffa62f01000 	C:\Windows\SYSTEM32\dbgcore.DLL
0x00000156037b0000 - 0x000001560382f000 	C:\Windows\System32\bcryptPrimitives.dll
0x00007ffa2ce00000 - 0x00007ffa2ce25000 	c:\Users\Laure\.vscode\extensions\redhat.java-1.6.0-win32-x64\jre\17.0.2-win32-x86_64\bin\java.dll
0x00007ffa2cde0000 - 0x00007ffa2cdf8000 	c:\Users\Laure\.vscode\extensions\redhat.java-1.6.0-win32-x64\jre\17.0.2-win32-x86_64\bin\zip.dll
0x00007ffa7a620000 - 0x00007ffa7adcf000 	C:\Windows\System32\SHELL32.dll
0x00007ffa769b0000 - 0x00007ffa77218000 	C:\Windows\SYSTEM32\windows.storage.dll
0x00007ffa7a2a0000 - 0x00007ffa7a618000 	C:\Windows\System32\combase.dll
0x00007ffa76840000 - 0x00007ffa769a6000 	C:\Windows\SYSTEM32\wintypes.dll
0x00007ffa79710000 - 0x00007ffa797fa000 	C:\Windows\System32\SHCORE.dll
0x00007ffa7b2f0000 - 0x00007ffa7b34d000 	C:\Windows\System32\shlwapi.dll
0x00007ffa787b0000 - 0x00007ffa787d1000 	C:\Windows\SYSTEM32\profapi.dll
0x00007ffa2cdc0000 - 0x00007ffa2cdd9000 	C:\Users\Laure\.vscode\extensions\redhat.java-1.6.0-win32-x64\jre\17.0.2-win32-x86_64\bin\net.dll
0x00007ffa72100000 - 0x00007ffa7220c000 	C:\Windows\SYSTEM32\WINHTTP.dll
0x00007ffa77d70000 - 0x00007ffa77dd7000 	C:\Windows\system32\mswsock.dll
0x00007ffa2cda0000 - 0x00007ffa2cdb5000 	C:\Users\Laure\.vscode\extensions\redhat.java-1.6.0-win32-x64\jre\17.0.2-win32-x86_64\bin\nio.dll
0x00007ffa70620000 - 0x00007ffa70630000 	c:\Users\Laure\.vscode\extensions\redhat.java-1.6.0-win32-x64\jre\17.0.2-win32-x86_64\bin\verify.dll
0x00007ffa57520000 - 0x00007ffa57529000 	C:\Users\Laure\.vscode\extensions\redhat.java-1.6.0-win32-x64\jre\17.0.2-win32-x86_64\bin\management.dll
0x00007ffa57510000 - 0x00007ffa5751b000 	C:\Users\Laure\.vscode\extensions\redhat.java-1.6.0-win32-x64\jre\17.0.2-win32-x86_64\bin\management_ext.dll
0x00007ffa40c00000 - 0x00007ffa40c17000 	C:\Windows\system32\napinsp.dll
0x00007ffa40be0000 - 0x00007ffa40bfb000 	C:\Windows\system32\pnrpnsp.dll
0x00007ffa774e0000 - 0x00007ffa775c8000 	C:\Windows\SYSTEM32\DNSAPI.dll
0x00007ffa77470000 - 0x00007ffa7749d000 	C:\Windows\SYSTEM32\IPHLPAPI.DLL
0x00007ffa79d10000 - 0x00007ffa79d19000 	C:\Windows\System32\NSI.dll
0x00007ffa40870000 - 0x00007ffa40882000 	C:\Windows\System32\winrnr.dll
0x00007ffa71740000 - 0x00007ffa71755000 	C:\Windows\system32\wshbth.dll
0x00007ffa40850000 - 0x00007ffa4086f000 	C:\Windows\system32\nlansp_c.dll
0x00007ffa5a030000 - 0x00007ffa5a03a000 	C:\Windows\System32\rasadhlp.dll
0x00007ffa71410000 - 0x00007ffa71491000 	C:\Windows\System32\fwpuclnt.dll
0x00007ffa77f90000 - 0x00007ffa77fa8000 	C:\Windows\SYSTEM32\CRYPTSP.dll
0x00007ffa778a0000 - 0x00007ffa778d5000 	C:\Windows\system32\rsaenh.dll
0x00007ffa77e30000 - 0x00007ffa77e59000 	C:\Windows\SYSTEM32\USERENV.dll
0x00007ffa77f80000 - 0x00007ffa77f8c000 	C:\Windows\SYSTEM32\CRYPTBASE.dll
0x00007ffa72440000 - 0x00007ffa72459000 	C:\Windows\SYSTEM32\dhcpcsvc6.DLL
0x00007ffa726f0000 - 0x00007ffa7270e000 	C:\Windows\SYSTEM32\dhcpcsvc.DLL
0x00007ffa2a670000 - 0x00007ffa2a679000 	C:\Users\Laure\.vscode\extensions\redhat.java-1.6.0-win32-x64\jre\17.0.2-win32-x86_64\bin\attach.dll
0x00007ff9f2090000 - 0x00007ff9f2097000 	C:\Users\Laure\.vscode\extensions\redhat.java-1.6.0-win32-x64\jre\17.0.2-win32-x86_64\bin\rmi.dll

dbghelp: loaded successfully - version: 4.0.5 - missing functions: none
symbol engine: initialized successfully - sym options: 0x614 - pdb path: .;c:\Users\Laure\.vscode\extensions\redhat.java-1.6.0-win32-x64\jre\17.0.2-win32-x86_64\bin;C:\Windows\SYSTEM32;C:\Windows\WinSxS\amd64_microsoft.windows.common-controls_6595b64144ccf1df_6.0.22000.120_none_9d947278b86cc467;C:\Program Files (x86)\Citrix\ICA Client;c:\Users\Laure\.vscode\extensions\redhat.java-1.6.0-win32-x64\jre\17.0.2-win32-x86_64\bin\server

VM Arguments:
jvm_args: -Dsts.lsp.client=vscode -Dsts.log.file=/dev/null -XX:TieredStopAtLevel=1 -Dspring.config.location=file:c:\Users\Laure\.vscode\extensions\pivotal.vscode-spring-boot-1.33.0\language-server\BOOT-INF\classes\application.properties 
java_command: org.springframework.ide.vscode.boot.app.BootLanguageServerBootApp
java_class_path (initial): c:\Users\Laure\.vscode\extensions\pivotal.vscode-spring-boot-1.33.0\language-server\BOOT-INF\classes;c:\Users\Laure\.vscode\extensions\pivotal.vscode-spring-boot-1.33.0\language-server\BOOT-INF\lib\antlr4-runtime-4.5.3.jar;c:\Users\Laure\.vscode\extensions\pivotal.vscode-spring-boot-1.33.0\language-server\BOOT-INF\lib\byte-buddy-1.10.18.jar;c:\Users\Laure\.vscode\extensions\pivotal.vscode-spring-boot-1.33.0\language-server\BOOT-INF\lib\commons-codec-1.14.jar;c:\Users\Laure\.vscode\extensions\pivotal.vscode-spring-boot-1.33.0\language-server\BOOT-INF\lib\commons-io-2.4.jar;c:\Users\Laure\.vscode\extensions\pivotal.vscode-spring-boot-1.33.0\language-server\BOOT-INF\lib\commons-java-1.33.0-SNAPSHOT.jar;c:\Users\Laure\.vscode\extensions\pivotal.vscode-spring-boot-1.33.0\language-server\BOOT-INF\lib\commons-lang3-3.10.jar;c:\Users\Laure\.vscode\extensions\pivotal.vscode-spring-boot-1.33.0\language-server\BOOT-INF\lib\commons-language-server-1.33.0-SNAPSHOT.jar;c:\Users\Laure\.vscode\extensions\pivotal.vscode-spring-boot-1.33.0\language-server\BOOT-INF\lib\commons-lsp-extensions-1.33.0-SNAPSHOT.jar;c:\Users\Laure\.vscode\extensions\pivotal.vscode-spring-boot-1.33.0\language-server\BOOT-INF\lib\commons-util-1.33.0-SNAPSHOT.jar;c:\Users\Laure\.vscode\extensions\pivotal.vscode-spring-boot-1.33.0\language-server\BOOT-INF\lib\commons-yaml-1.33.0-SNAPSHOT.jar;c:\Users\Laure\.vscode\extensions\pivotal.vscode-spring-boot-1.33.0\language-server\BOOT-INF\lib\gson-2.8.6.jar;c:\Users\Laure\.vscode\extensions\pivotal.vscode-spring-boot-1.33.0\language-server\BOOT-INF\lib\guava-19.0.jar;c:\Users\Laure\.vscode\extensions\pivotal.vscode-spring-boot-1.33.0\language-server\BOOT-INF\lib\jakarta.annotation-api-1.3.5.jar;c:\Users\Laure\.vscode\extensions\pivotal.vscode-spring-boot-1.33.0\language-server\BOOT-INF\lib\jandex-2.0.5.Final.jar;c:\Users\Laure\.vscode\extensions\pivotal.vscode-spring-boot-1.33.0\language-server\BOOT-INF\lib\java-properties-1.33.0-SNAPSHO
Launcher Type: SUN_STANDARD

[Global flags]
     intx CICompilerCount                          = 4                                         {product} {ergonomic}
     uint ConcGCThreads                            = 2                                         {product} {ergonomic}
     uint G1ConcRefinementThreads                  = 8                                         {product} {ergonomic}
   size_t G1HeapRegionSize                         = 1048576                                   {product} {ergonomic}
    uintx GCDrainStackTargetSize                   = 64                                        {product} {ergonomic}
   size_t InitialHeapSize                          = 134217728                                 {product} {ergonomic}
   size_t MarkStackSize                            = 4194304                                   {product} {ergonomic}
   size_t MaxHeapSize                              = 2118123520                                {product} {ergonomic}
   size_t MaxNewSize                               = 1270874112                                {product} {ergonomic}
   size_t MinHeapDeltaBytes                        = 1048576                                   {product} {ergonomic}
   size_t MinHeapSize                              = 8388608                                   {product} {ergonomic}
    uintx NonProfiledCodeHeapSize                  = 0                                      {pd product} {ergonomic}
     bool ProfileInterpreter                       = false                                  {pd product} {command line}
    uintx ProfiledCodeHeapSize                     = 0                                      {pd product} {ergonomic}
   size_t SoftMaxHeapSize                          = 2118123520                             {manageable} {ergonomic}
     intx TieredStopAtLevel                        = 1                                         {product} {command line}
     bool UseCompressedClassPointers               = true                           {product lp64_product} {ergonomic}
     bool UseCompressedOops                        = true                           {product lp64_product} {ergonomic}
     bool UseG1GC                                  = true                                      {product} {ergonomic}
     bool UseLargePagesIndividualAllocation        = false                                  {pd product} {ergonomic}

Logging:
Log output configuration:
 #0: stdout all=warning uptime,level,tags
 #1: stderr all=off uptime,level,tags

Environment Variables:
JAVA_HOME=C:\xampp\tomcat\
CLASSPATH=.;C:\PROGRA~2\Griaule\FINGER~1\bin\GRFING~1.JAR;C:\PROGRA~2\Griaule\GRIAUL~1.0\bin\GRIAUL~1.JAR
PATH=C:\Program Files\Common Files\Oracle\Java\javapath;C:\Program Files (x86)\Common Files\Oracle\Java\javapath;C:\Windows\system32;C:\Windows;C:\Windows\System32\Wbem;C:\Windows\System32\WindowsPowerShell\v1.0\;C:\Windows\System32\OpenSSH\;C:\PROGRA~2\Griaule\FINGER~1\bin;C:\PROGRA~2\Griaule\GRIAUL~1.0\bin;C:\Program Files\dotnet\;C:\xampp\php;C:\Program Files\Git\cmd;C:\Program Files\nodejs\;C:\Program Files\Java\jdk-11\bin;%CATALINA_HOME%\bin;C:\xampp\tomcat\\bin;C:\composer;C:\ProgramData\ComposerSetup\bin;C:\Program Files\Docker\Docker\resources\bin;C:\ProgramData\DockerDesktop\version-bin;C:\Program Files\Microsoft SQL Server\Client SDK\ODBC\170\Tools\Binn\;C:\Program Files\Microsoft SQL Server\150\Tools\Binn\;C:\Program Files (x86)\Microsoft SQL Server\150\DTS\Binn\;C:\Program Files\Azure Data Studio\bin;C:\Program Files (x86)\Microsoft SQL Server\150\Tools\Binn\;C:\Program Files\Microsoft SQL Server\150\DTS\Binn\;C:\Users\Laure\AppData\Local\Microsoft\WindowsApps;C:\Users\Laure\AppData\Local\Programs\Microsoft VS Code\bin;C:\Users\Laure\.dotnet\tools;C:\Users\Laure\AppData\Roaming\Composer\vendor\bin;C:\Users\Laure\AppData\Roaming\npm;C:\Program Files\Azure Data Studio\bin
USERNAME=Laure
OS=Windows_NT
PROCESSOR_IDENTIFIER=Intel64 Family 6 Model 142 Stepping 11, GenuineIntel



---------------  S Y S T E M  ---------------

OS:
 Windows 11 , 64 bit Build 22000 (10.0.22000.613)
OS uptime: 0 days 10:21 hours
Hyper-V role detected

CPU: total 8 (initial active 8) (4 cores per cpu, 2 threads per core) family 6 model 142 stepping 11 microcode 0xde, cx8, cmov, fxsr, ht, mmx, 3dnowpref, sse, sse2, sse3, ssse3, sse4.1, sse4.2, popcnt, lzcnt, tsc, tscinvbit, avx, avx2, aes, erms, clmul, bmi1, bmi2, adx, fma, vzeroupper, clflush, clflushopt, hv

Memory: 4k page, system-wide physical 8079M (305M free)
TotalPageFile size 24237M (AvailPageFile size 11M)
current process WorkingSet (physical memory assigned to process): 164M, peak: 293M
current process commit charge ("private bytes"): 245M, peak: 426M

vm_info: OpenJDK 64-Bit Server VM (17.0.2+8) for windows-amd64 JRE (17.0.2+8), built on Jan 20 2022 04:52:34 by "" with MS VC++ 16.7 (VS2019)

END.
