#
# There is insufficient memory for the Java Runtime Environment to continue.
# Native memory allocation (malloc) failed to allocate 2097152 bytes for AllocateHeap
# Possible reasons:
#   The system is out of physical RAM or swap space
#   The process is running with CompressedOops enabled, and the Java Heap may be blocking the growth of the native heap
# Possible solutions:
#   Reduce memory load on the system
#   Increase physical memory or swap space
#   Check if swap backing store is full
#   Decrease Java heap size (-Xmx/-Xms)
#   Decrease number of Java threads
#   Decrease Java thread stack sizes (-Xss)
#   Set larger code cache with -XX:ReservedCodeCacheSize=
#   JVM is running with Unscaled Compressed Oops mode in which the Java heap is
#     placed in the first 4GB address space. The Java Heap base address is the
#     maximum limit for the native heap growth. Please use -XX:HeapBaseMinAddress
#     to set the Java Heap base and to place the Java Heap above 4GB virtual address.
# This output file may be truncated or incomplete.
#
#  Out of Memory Error (allocation.cpp:44), pid=20260, tid=23576
#
# JRE version: OpenJDK Runtime Environment Temurin-17.0.2+8 (17.0.2+8) (build 17.0.2+8)
# Java VM: OpenJDK 64-Bit Server VM Temurin-17.0.2+8 (17.0.2+8, mixed mode, emulated-client, tiered, compressed oops, compressed class ptrs, g1 gc, windows-amd64)
# No core dump will be written. Minidumps are not enabled by default on client versions of Windows
#

---------------  S U M M A R Y ------------

Command Line: -Dsts.lsp.client=vscode -Dsts.log.file=/dev/null -XX:TieredStopAtLevel=1 -Dspring.config.location=file:c:\Users\Laure\.vscode\extensions\pivotal.vscode-spring-boot-1.33.0\language-server\BOOT-INF\classes\application.properties org.springframework.ide.vscode.boot.app.BootLanguageServerBootApp

Host: Intel(R) Core(TM) i5-8265U CPU @ 1.60GHz, 8 cores, 7G,  Windows 11 , 64 bit Build 22000 (10.0.22000.613)
Time: Fri May 13 10:59:38 2022 Hora est. Pacífico, Sudamérica elapsed time: 65.474315 seconds (0d 0h 1m 5s)

---------------  T H R E A D  ---------------

Current thread (0x00000142a2d757b0):  VMThread "VM Thread" [stack: 0x0000000d90000000,0x0000000d90100000] [id=23576]

Stack: [0x0000000d90000000,0x0000000d90100000]
Native frames: (J=compiled Java code, j=interpreted, Vv=VM code, C=native code)
V  [jvm.dll+0x67564a]
V  [jvm.dll+0x82fc04]
V  [jvm.dll+0x8313ae]
V  [jvm.dll+0x831a13]
V  [jvm.dll+0x245235]
V  [jvm.dll+0xa6393]
V  [jvm.dll+0x2f52c1]
V  [jvm.dll+0x2f0f70]
V  [jvm.dll+0x2d96c7]
V  [jvm.dll+0x31c6b7]
V  [jvm.dll+0x835ebb]
V  [jvm.dll+0x836bf4]
V  [jvm.dll+0x83710c]
V  [jvm.dll+0x8374e4]
V  [jvm.dll+0x8375b0]
V  [jvm.dll+0x7dff2a]
V  [jvm.dll+0x6744d5]
C  [ucrtbase.dll+0x26c0c]
C  [KERNEL32.DLL+0x154e0]
C  [ntdll.dll+0x485b]

VM_Operation (0x0000000d916ff220): G1CollectFull, mode: safepoint, requested by thread 0x00000142a53f62f0


---------------  P R O C E S S  ---------------

Threads class SMR info:
_java_thread_list=0x00000142a54bd890, length=14, elements={
0x00000142a3800080, 0x00000142a38034c0, 0x00000142a2dd4250, 0x00000142a2dd4b10,
0x00000142a2dd6380, 0x00000142a2dd7010, 0x00000142936100d0, 0x00000142a383c490,
0x00000142a38cbc70, 0x00000142a39ae010, 0x00000142a53f62f0, 0x00000142a5262de0,
0x0000014295a53040, 0x00000142a5499e50
}

Java Threads: ( => current thread )
  0x00000142a3800080 JavaThread "Reference Handler" daemon [_thread_blocked, id=4928, stack(0x0000000d90100000,0x0000000d90200000)]
  0x00000142a38034c0 JavaThread "Finalizer" daemon [_thread_blocked, id=8248, stack(0x0000000d90200000,0x0000000d90300000)]
  0x00000142a2dd4250 JavaThread "Signal Dispatcher" daemon [_thread_blocked, id=2500, stack(0x0000000d90300000,0x0000000d90400000)]
  0x00000142a2dd4b10 JavaThread "Attach Listener" daemon [_thread_blocked, id=20824, stack(0x0000000d90400000,0x0000000d90500000)]
  0x00000142a2dd6380 JavaThread "Service Thread" daemon [_thread_blocked, id=25328, stack(0x0000000d90500000,0x0000000d90600000)]
  0x00000142a2dd7010 JavaThread "Monitor Deflation Thread" daemon [_thread_blocked, id=9004, stack(0x0000000d90600000,0x0000000d90700000)]
  0x00000142936100d0 JavaThread "C1 CompilerThread0" daemon [_thread_blocked, id=8028, stack(0x0000000d90700000,0x0000000d90800000)]
  0x00000142a383c490 JavaThread "Sweeper thread" daemon [_thread_blocked, id=15664, stack(0x0000000d90800000,0x0000000d90900000)]
  0x00000142a38cbc70 JavaThread "Notification Thread" daemon [_thread_blocked, id=6924, stack(0x0000000d90b00000,0x0000000d90c00000)]
  0x00000142a39ae010 JavaThread "Common-Cleaner" daemon [_thread_blocked, id=23644, stack(0x0000000d90d00000,0x0000000d90e00000)]
  0x00000142a53f62f0 JavaThread "pool-7-thread-1" [_thread_blocked, id=26312, stack(0x0000000d91600000,0x0000000d91700000)]
  0x00000142a5262de0 JavaThread "LanguageServerApp-lifecycle" [_thread_blocked, id=25308, stack(0x0000000d91700000,0x0000000d91800000)]
  0x0000014295a53040 JavaThread "DestroyJavaVM" [_thread_blocked, id=24292, stack(0x0000000d8fa00000,0x0000000d8fb00000)]
  0x00000142a5499e50 JavaThread "pool-8-thread-1" [_thread_in_native, id=18508, stack(0x0000000d91800000,0x0000000d91900000)]

Other Threads:
=>0x00000142a2d757b0 VMThread "VM Thread" [stack: 0x0000000d90000000,0x0000000d90100000] [id=23576]
  0x000001429360b330 WatcherThread [stack: 0x0000000d90c00000,0x0000000d90d00000] [id=3528]
  0x0000014295a8ee60 GCTaskThread "GC Thread#0" [stack: 0x0000000d8fb00000,0x0000000d8fc00000] [id=32]
  0x00000142a41a8a30 GCTaskThread "GC Thread#1" [stack: 0x0000000d90e00000,0x0000000d90f00000] [id=2656]
  0x00000142a41cd070 GCTaskThread "GC Thread#2" [stack: 0x0000000d90f00000,0x0000000d91000000] [id=22548]
  0x00000142a4229d50 GCTaskThread "GC Thread#3" [stack: 0x0000000d91000000,0x0000000d91100000] [id=22008]
  0x00000142a422a410 GCTaskThread "GC Thread#4" [stack: 0x0000000d91100000,0x0000000d91200000] [id=23960]
  0x00000142a422a6c0 GCTaskThread "GC Thread#5" [stack: 0x0000000d91200000,0x0000000d91300000] [id=13944]
  0x00000142a422a970 GCTaskThread "GC Thread#6" [stack: 0x0000000d91300000,0x0000000d91400000] [id=2156]
  0x00000142a50eadd0 GCTaskThread "GC Thread#7" [stack: 0x0000000d91400000,0x0000000d91500000] [id=23876]
  0x0000014295a9f9e0 ConcurrentGCThread "G1 Main Marker" [stack: 0x0000000d8fc00000,0x0000000d8fd00000] [id=24112]
  0x0000014295aa0200 ConcurrentGCThread "G1 Conc#0" [stack: 0x0000000d8fd00000,0x0000000d8fe00000] [id=20904]
  0x00000142a5210370 ConcurrentGCThread "G1 Conc#1" [stack: 0x0000000d91500000,0x0000000d91600000] [id=21884]
  0x00000142a2c184f0 ConcurrentGCThread "G1 Refine#0" [stack: 0x0000000d8fe00000,0x0000000d8ff00000] [id=12100]
  0x00000142a2c18bc0 ConcurrentGCThread "G1 Service" [stack: 0x0000000d8ff00000,0x0000000d90000000] [id=17796]

Threads with active compile tasks:

VM state: at safepoint (normal execution)

VM Mutex/Monitor currently owned by a thread:  ([mutex/lock_event])
[0x0000014295a4df10] Threads_lock - owner thread: 0x00000142a2d757b0
[0x0000014295a4eae0] Heap_lock - owner thread: 0x00000142a53f62f0

Heap address: 0x0000000081c00000, size: 2020 MB, Compressed Oops mode: 32-bit

CDS archive(s) not mapped
Compressed class space mapped at: 0x0000000100000000-0x0000000140000000, reserved size: 1073741824
Narrow klass base: 0x0000000000000000, Narrow klass shift: 3, Narrow klass range: 0x140000000

GC Precious Log:
 CPUs: 8 total, 8 available
 Memory: 8079M
 Large Page Support: Disabled
 NUMA Support: Disabled
 Compressed Oops: Enabled (32-bit)
 Heap Region Size: 1M
 Heap Min Capacity: 8M
 Heap Initial Capacity: 128M
 Heap Max Capacity: 2020M
 Pre-touch: Disabled
 Parallel Workers: 8
 Concurrent Workers: 2
 Concurrent Refinement Workers: 8
 Periodic GC: Disabled

Heap:
 garbage-first heap   total 34816K, used 9786K [0x0000000081c00000, 0x0000000100000000)
  region size 1024K, 1 young (1024K), 0 survivors (0K)
 Metaspace       used 27677K, committed 28032K, reserved 1081344K
  class space    used 3627K, committed 3776K, reserved 1048576K

Heap Regions: E=young(eden), S=young(survivor), O=old, HS=humongous(starts), HC=humongous(continues), CS=collection set, F=free, OA=open archive, CA=closed archive, TAMS=top-at-mark-start (previous, next)
|   0|0x0000000081c00000, 0x0000000081d00000, 0x0000000081d00000|100%| O|  |TAMS 0x0000000081d00000, 0x0000000081c00000| Untracked 
|   1|0x0000000081d00000, 0x0000000081dffff8, 0x0000000081e00000| 99%| O|  |TAMS 0x0000000081d00000, 0x0000000081d00000| Untracked 
|   2|0x0000000081e00000, 0x0000000081efffd8, 0x0000000081f00000| 99%| O|  |TAMS 0x0000000081e00000, 0x0000000081e00000| Untracked 
|   3|0x0000000081f00000, 0x0000000082000000, 0x0000000082000000|100%| O|  |TAMS 0x0000000082000000, 0x0000000081f00000| Untracked 
|   4|0x0000000082000000, 0x00000000820fffc8, 0x0000000082100000| 99%| O|  |TAMS 0x00000000820fffc8, 0x0000000082000000| Untracked 
|   5|0x0000000082100000, 0x00000000821ffff8, 0x0000000082200000| 99%| O|  |TAMS 0x0000000082100000, 0x0000000082100000| Untracked 
|   6|0x0000000082200000, 0x00000000822ffff0, 0x0000000082300000| 99%| O|  |TAMS 0x0000000082200000, 0x0000000082200000| Untracked 
|   7|0x0000000082300000, 0x00000000823fffc8, 0x0000000082400000| 99%| O|  |TAMS 0x0000000082300000, 0x0000000082300000| Untracked 
|   8|0x0000000082400000, 0x00000000824d8ba8, 0x0000000082500000| 84%| O|  |TAMS 0x0000000082400000, 0x0000000082400000| Untracked 
|   9|0x0000000082500000, 0x0000000082500000, 0x0000000082600000|  0%| F|  |TAMS 0x0000000082500000, 0x0000000082500000| Untracked 
|  10|0x0000000082600000, 0x00000000826b5e10, 0x0000000082700000| 71%| O|  |TAMS 0x0000000082600000, 0x0000000082600000| Untracked 
|  11|0x0000000082700000, 0x0000000082700000, 0x0000000082800000|  0%| F|  |TAMS 0x0000000082700000, 0x0000000082700000| Untracked 
|  12|0x0000000082800000, 0x0000000082800000, 0x0000000082900000|  0%| F|  |TAMS 0x0000000082800000, 0x0000000082800000| Untracked 
|  13|0x0000000082900000, 0x0000000082900000, 0x0000000082a00000|  0%| F|  |TAMS 0x0000000082900000, 0x0000000082900000| Untracked 
|  14|0x0000000082a00000, 0x0000000082a00000, 0x0000000082b00000|  0%| F|  |TAMS 0x0000000082a00000, 0x0000000082a00000| Untracked 
|  15|0x0000000082b00000, 0x0000000082b00000, 0x0000000082c00000|  0%| F|  |TAMS 0x0000000082b00000, 0x0000000082b00000| Untracked 
|  16|0x0000000082c00000, 0x0000000082c00000, 0x0000000082d00000|  0%| F|  |TAMS 0x0000000082c00000, 0x0000000082c00000| Untracked 
|  17|0x0000000082d00000, 0x0000000082d00000, 0x0000000082e00000|  0%| F|  |TAMS 0x0000000082d00000, 0x0000000082d00000| Untracked 
|  18|0x0000000082e00000, 0x0000000082e00000, 0x0000000082f00000|  0%| F|  |TAMS 0x0000000082e00000, 0x0000000082e00000| Untracked 
|  19|0x0000000082f00000, 0x0000000082f00000, 0x0000000083000000|  0%| F|  |TAMS 0x0000000082f00000, 0x0000000082f00000| Untracked 
|  20|0x0000000083000000, 0x0000000083000000, 0x0000000083100000|  0%| F|  |TAMS 0x0000000083000000, 0x0000000083000000| Untracked 
|  21|0x0000000083100000, 0x0000000083100000, 0x0000000083200000|  0%| F|  |TAMS 0x0000000083100000, 0x0000000083100000| Untracked 
|  22|0x0000000083200000, 0x0000000083200000, 0x0000000083300000|  0%| F|  |TAMS 0x0000000083200000, 0x0000000083200000| Untracked 
|  23|0x0000000083300000, 0x0000000083300000, 0x0000000083400000|  0%| F|  |TAMS 0x0000000083300000, 0x0000000083300000| Untracked 
|  24|0x0000000083400000, 0x0000000083400000, 0x0000000083500000|  0%| F|  |TAMS 0x0000000083400000, 0x0000000083400000| Untracked 
|  25|0x0000000083500000, 0x0000000083500000, 0x0000000083600000|  0%| F|  |TAMS 0x0000000083500000, 0x0000000083500000| Untracked 
|  26|0x0000000083600000, 0x0000000083600000, 0x0000000083700000|  0%| F|  |TAMS 0x0000000083600000, 0x0000000083600000| Untracked 
|  27|0x0000000083700000, 0x0000000083700000, 0x0000000083800000|  0%| F|  |TAMS 0x0000000083700000, 0x0000000083700000| Untracked 
|  28|0x0000000083800000, 0x0000000083800000, 0x0000000083900000|  0%| F|  |TAMS 0x0000000083800000, 0x0000000083800000| Untracked 
|  29|0x0000000083900000, 0x0000000083900000, 0x0000000083a00000|  0%| F|  |TAMS 0x0000000083900000, 0x0000000083900000| Untracked 
|  30|0x0000000083a00000, 0x0000000083a00000, 0x0000000083b00000|  0%| F|  |TAMS 0x0000000083a00000, 0x0000000083a00000| Untracked 
|  31|0x0000000083b00000, 0x0000000083b00000, 0x0000000083c00000|  0%| F|  |TAMS 0x0000000083b00000, 0x0000000083b00000| Untracked 
| 112|0x0000000088c00000, 0x0000000088c00000, 0x0000000088d00000|  0%| F|  |TAMS 0x0000000088c00000, 0x0000000088c00000| Untracked 
| 113|0x0000000088d00000, 0x0000000088d08f78, 0x0000000088e00000|  3%| E|  |TAMS 0x0000000088d00000, 0x0000000088d00000| Complete 

Card table byte_map: [0x000001429bbb0000,0x000001429bfb0000] _byte_map_base: 0x000001429b7a2000

Marking Bits (Prev, Next): (CMBitMap*) 0x0000014295a8f2c0, (CMBitMap*) 0x0000014295a8f280
 Prev Bits: [0x000001429e340000, 0x00000142a02d0000)
 Next Bits: [0x000001429c3b0000, 0x000001429e340000)

Polling page: 0x00000142951f0000

Metaspace:

Usage:
  Non-class:     23.49 MB used.
      Class:      3.54 MB used.
       Both:     27.03 MB used.

Virtual space:
  Non-class space:       32.00 MB reserved,      23.69 MB ( 74%) committed,  4 nodes.
      Class space:        1.00 GB reserved,       3.69 MB ( <1%) committed,  1 nodes.
             Both:        1.03 GB reserved,      27.38 MB (  3%) committed. 

Chunk freelists:
   Non-Class:  3.71 MB
       Class:  330.00 KB
        Both:  4.03 MB

MaxMetaspaceSize: unlimited
CompressedClassSpaceSize: 1.00 GB
Initial GC threshold: 21.00 MB
Current GC threshold: 45.62 MB
CDS: off
MetaspaceReclaimPolicy: balanced
 - commit_granule_bytes: 65536.
 - commit_granule_words: 8192.
 - virtual_space_node_default_size: 1048576.
 - enlarge_chunks_in_place: 1.
 - new_chunks_are_fully_committed: 0.
 - uncommit_free_chunks: 1.
 - use_allocation_guard: 0.
 - handle_deallocations: 1.


Internal statistics:

num_allocs_failed_limit: 3.
num_arena_births: 276.
num_arena_deaths: 76.
num_vsnodes_births: 5.
num_vsnodes_deaths: 0.
num_space_committed: 438.
num_space_uncommitted: 0.
num_chunks_returned_to_freelist: 80.
num_chunks_taken_from_freelist: 1009.
num_chunk_merges: 27.
num_chunk_splits: 666.
num_chunks_enlarged: 504.
num_purges: 2.
num_inconsistent_stats: 0.

CodeCache: size=49152Kb used=5390Kb max_used=6512Kb free=43761Kb
 bounds [0x00000142986a0000, 0x0000014298d00000, 0x000001429b6a0000]
 total_blobs=3246 nmethods=2762 adapters=410
 compilation: enabled
              stopped_count=0, restarted_count=0
 full_count=0

Compilation events (20 events):
Event: 3.994 Thread 0x00000142936100d0 2750       1       com.google.gson.internal.Primitives::isPrimitive (23 bytes)
Event: 3.994 Thread 0x00000142936100d0 nmethod 2750 0x0000014298cf7310 code [0x0000014298cf74a0, 0x0000014298cf75f8]
Event: 3.994 Thread 0x000001429360d850 nmethod 2749 0x0000014298cf7690 code [0x0000014298cf78a0, 0x0000014298cf7e08]
Event: 3.995 Thread 0x000001429360dd60 nmethod 2747 0x0000014298cf8110 code [0x0000014298cf8380, 0x0000014298cf8c78]
Event: 3.996 Thread 0x000001429360dd60 2751       1       com.google.gson.internal.bind.ReflectiveTypeAdapterFactory$1::<init> (50 bytes)
Event: 3.996 Thread 0x000001429360d850 2752       1       com.google.gson.internal.bind.ReflectiveTypeAdapterFactory$BoundField::<init> (20 bytes)
Event: 3.996 Thread 0x000001429360d850 nmethod 2752 0x0000014298cf9210 code [0x0000014298cf93a0, 0x0000014298cf94b8]
Event: 3.996 Thread 0x00000142936100d0 2753       1       java.util.Base64$Decoder::decode0 (413 bytes)
Event: 3.996 Thread 0x000001429360dd60 nmethod 2751 0x0000014298cf9510 code [0x0000014298cf96c0, 0x0000014298cf99f8]
Event: 3.996 Thread 0x000001429360dd60 2754       1       sun.reflect.generics.reflectiveObjects.ParameterizedTypeImpl::getOwnerType (5 bytes)
Event: 3.997 Thread 0x000001429360dd60 nmethod 2754 0x0000014298cf9a90 code [0x0000014298cf9c20, 0x0000014298cf9cf8]
Event: 3.998 Thread 0x00000142936100d0 nmethod 2753 0x0000014298cf9d90 code [0x0000014298cfa040, 0x0000014298cfad38]
Event: 4.000 Thread 0x00000142936100d0 2755       1       com.google.gson.internal.bind.TypeAdapters$35::create (28 bytes)
Event: 4.000 Thread 0x00000142936100d0 nmethod 2755 0x0000014298cfb410 code [0x0000014298cfb5c0, 0x0000014298cfb808]
Event: 4.001 Thread 0x00000142936100d0 2756       1       java.lang.Class::privateGetDeclaredFields (64 bytes)
Event: 4.001 Thread 0x00000142936100d0 nmethod 2756 0x0000014298cfb910 code [0x0000014298cfbb00, 0x0000014298cfbe98]
Event: 4.001 Thread 0x00000142936100d0 2757       1       java.lang.reflect.Modifier::isVolatile (13 bytes)
Event: 4.001 Thread 0x00000142936100d0 nmethod 2757 0x0000014298cfc090 code [0x0000014298cfc220, 0x0000014298cfc2d8]
Event: 43.744 Thread 0x00000142936100d0 2758       1       java.lang.invoke.LambdaFormBuffer::indexOf (33 bytes)
Event: 43.745 Thread 0x00000142936100d0 nmethod 2758 0x00000142988c5c90 code [0x00000142988c5e40, 0x00000142988c5fb8]

GC Heap History (14 events):
Event: 1.322 GC heap before
{Heap before GC invocations=0 (full 0):
 garbage-first heap   total 131072K, used 22528K [0x0000000081c00000, 0x0000000100000000)
  region size 1024K, 23 young (23552K), 0 survivors (0K)
 Metaspace       used 12292K, committed 12480K, reserved 1064960K
  class space    used 1438K, committed 1536K, reserved 1048576K
}
Event: 1.329 GC heap after
{Heap after GC invocations=1 (full 0):
 garbage-first heap   total 131072K, used 5790K [0x0000000081c00000, 0x0000000100000000)
  region size 1024K, 3 young (3072K), 3 survivors (3072K)
 Metaspace       used 12292K, committed 12480K, reserved 1064960K
  class space    used 1438K, committed 1536K, reserved 1048576K
}
Event: 2.219 GC heap before
{Heap before GC invocations=1 (full 0):
 garbage-first heap   total 131072K, used 33438K [0x0000000081c00000, 0x0000000100000000)
  region size 1024K, 30 young (30720K), 3 survivors (3072K)
 Metaspace       used 19761K, committed 19968K, reserved 1073152K
  class space    used 2460K, committed 2560K, reserved 1048576K
}
Event: 2.230 GC heap after
{Heap after GC invocations=2 (full 0):
 garbage-first heap   total 131072K, used 8781K [0x0000000081c00000, 0x0000000100000000)
  region size 1024K, 3 young (3072K), 3 survivors (3072K)
 Metaspace       used 19761K, committed 19968K, reserved 1073152K
  class space    used 2460K, committed 2560K, reserved 1048576K
}
Event: 2.569 GC heap before
{Heap before GC invocations=2 (full 0):
 garbage-first heap   total 131072K, used 20045K [0x0000000081c00000, 0x0000000100000000)
  region size 1024K, 15 young (15360K), 3 survivors (3072K)
 Metaspace       used 21278K, committed 21504K, reserved 1073152K
  class space    used 2661K, committed 2752K, reserved 1048576K
}
Event: 2.576 GC heap after
{Heap after GC invocations=3 (full 0):
 garbage-first heap   total 131072K, used 9730K [0x0000000081c00000, 0x0000000100000000)
  region size 1024K, 4 young (4096K), 4 survivors (4096K)
 Metaspace       used 21278K, committed 21504K, reserved 1073152K
  class space    used 2661K, committed 2752K, reserved 1048576K
}
Event: 3.223 GC heap before
{Heap before GC invocations=4 (full 0):
 garbage-first heap   total 37888K, used 27138K [0x0000000081c00000, 0x0000000100000000)
  region size 1024K, 22 young (22528K), 4 survivors (4096K)
 Metaspace       used 24150K, committed 24448K, reserved 1073152K
  class space    used 3102K, committed 3264K, reserved 1048576K
}
Event: 3.235 GC heap after
{Heap after GC invocations=5 (full 0):
 garbage-first heap   total 37888K, used 11693K [0x0000000081c00000, 0x0000000100000000)
  region size 1024K, 3 young (3072K), 3 survivors (3072K)
 Metaspace       used 24150K, committed 24448K, reserved 1073152K
  class space    used 3102K, committed 3264K, reserved 1048576K
}
Event: 3.846 GC heap before
{Heap before GC invocations=5 (full 0):
 garbage-first heap   total 37888K, used 26029K [0x0000000081c00000, 0x0000000100000000)
  region size 1024K, 17 young (17408K), 3 survivors (3072K)
 Metaspace       used 26910K, committed 27136K, reserved 1073152K
  class space    used 3516K, committed 3648K, reserved 1048576K
}
Event: 3.850 GC heap after
{Heap after GC invocations=6 (full 0):
 garbage-first heap   total 37888K, used 13302K [0x0000000081c00000, 0x0000000100000000)
  region size 1024K, 2 young (2048K), 2 survivors (2048K)
 Metaspace       used 26910K, committed 27136K, reserved 1073152K
  class space    used 3516K, committed 3648K, reserved 1048576K
}
Event: 44.227 GC heap before
{Heap before GC invocations=6 (full 0):
 garbage-first heap   total 37888K, used 17398K [0x0000000081c00000, 0x0000000100000000)
  region size 1024K, 7 young (7168K), 2 survivors (2048K)
 Metaspace       used 27753K, committed 28032K, reserved 1081344K
  class space    used 3646K, committed 3776K, reserved 1048576K
}
Event: 44.261 GC heap after
{Heap after GC invocations=7 (full 1):
 garbage-first heap   total 37888K, used 12498K [0x0000000081c00000, 0x0000000100000000)
  region size 1024K, 0 young (0K), 0 survivors (0K)
 Metaspace       used 27753K, committed 28032K, reserved 1081344K
  class space    used 3646K, committed 3776K, reserved 1048576K
}
Event: 54.602 GC heap before
{Heap before GC invocations=7 (full 1):
 garbage-first heap   total 37888K, used 12498K [0x0000000081c00000, 0x0000000100000000)
  region size 1024K, 1 young (1024K), 0 survivors (0K)
 Metaspace       used 27753K, committed 28032K, reserved 1081344K
  class space    used 3646K, committed 3776K, reserved 1048576K
}
Event: 54.633 GC heap after
{Heap after GC invocations=8 (full 2):
 garbage-first heap   total 34816K, used 9786K [0x0000000081c00000, 0x0000000100000000)
  region size 1024K, 0 young (0K), 0 survivors (0K)
 Metaspace       used 27677K, committed 28032K, reserved 1081344K
  class space    used 3627K, committed 3776K, reserved 1048576K
}

Deoptimization events (6 events):
Event: 1.203 Thread 0x0000014295a53040 DEOPT PACKING pc=0x0000014298a0d4f5 sp=0x0000000d8fafd890
Event: 1.203 Thread 0x0000014295a53040 DEOPT UNPACKING pc=0x00000142986f2b43 sp=0x0000000d8fafcd00 mode 3
Event: 2.057 Thread 0x0000014295a53040 DEOPT PACKING pc=0x0000014298b0e499 sp=0x0000000d8fafd040
Event: 2.057 Thread 0x0000014295a53040 DEOPT UNPACKING pc=0x00000142986f2b43 sp=0x0000000d8fafc520 mode 3
Event: 2.595 Thread 0x0000014295a53040 DEOPT PACKING pc=0x0000014298bd0bf5 sp=0x0000000d8fafded0
Event: 2.595 Thread 0x0000014295a53040 DEOPT UNPACKING pc=0x00000142986f2b43 sp=0x0000000d8fafd340 mode 3

Classes unloaded (20 events):
Event: 54.613 Thread 0x00000142a2d757b0 Unloading class 0x00000001002e2000 'java/lang/invoke/LambdaForm$MH+0x00000001002e2000'
Event: 54.613 Thread 0x00000142a2d757b0 Unloading class 0x00000001002e1c00 'java/lang/invoke/LambdaForm$MH+0x00000001002e1c00'
Event: 54.613 Thread 0x00000142a2d757b0 Unloading class 0x00000001002e1800 'java/lang/invoke/LambdaForm$MH+0x00000001002e1800'
Event: 54.613 Thread 0x00000142a2d757b0 Unloading class 0x00000001002e1400 'java/lang/invoke/LambdaForm$MH+0x00000001002e1400'
Event: 54.613 Thread 0x00000142a2d757b0 Unloading class 0x00000001002e0c00 'java/lang/invoke/LambdaForm$DMH+0x00000001002e0c00'
Event: 54.613 Thread 0x00000142a2d757b0 Unloading class 0x00000001002e0400 'java/lang/invoke/LambdaForm$DMH+0x00000001002e0400'
Event: 54.613 Thread 0x00000142a2d757b0 Unloading class 0x00000001001dec00 'java/lang/invoke/LambdaForm$MH+0x00000001001dec00'
Event: 54.613 Thread 0x00000142a2d757b0 Unloading class 0x00000001001de800 'java/lang/invoke/LambdaForm$MH+0x00000001001de800'
Event: 54.613 Thread 0x00000142a2d757b0 Unloading class 0x00000001001de400 'java/lang/invoke/LambdaForm$MH+0x00000001001de400'
Event: 54.613 Thread 0x00000142a2d757b0 Unloading class 0x00000001001de000 'java/lang/invoke/LambdaForm$MH+0x00000001001de000'
Event: 54.613 Thread 0x00000142a2d757b0 Unloading class 0x00000001001ddc00 'java/lang/invoke/LambdaForm$MH+0x00000001001ddc00'
Event: 54.613 Thread 0x00000142a2d757b0 Unloading class 0x00000001001dd400 'java/lang/invoke/LambdaForm$MH+0x00000001001dd400'
Event: 54.613 Thread 0x00000142a2d757b0 Unloading class 0x00000001000ca800 'java/lang/invoke/LambdaForm$MH+0x00000001000ca800'
Event: 54.613 Thread 0x00000142a2d757b0 Unloading class 0x00000001000ca000 'java/lang/invoke/LambdaForm$MH+0x00000001000ca000'
Event: 54.613 Thread 0x00000142a2d757b0 Unloading class 0x00000001000c9c00 'java/lang/invoke/LambdaForm$MH+0x00000001000c9c00'
Event: 54.613 Thread 0x00000142a2d757b0 Unloading class 0x00000001000c9800 'java/lang/invoke/LambdaForm$MH+0x00000001000c9800'
Event: 54.613 Thread 0x00000142a2d757b0 Unloading class 0x00000001000c9000 'java/lang/invoke/LambdaForm$MH+0x00000001000c9000'
Event: 54.613 Thread 0x00000142a2d757b0 Unloading class 0x00000001000c8c00 'java/lang/invoke/LambdaForm$MH+0x00000001000c8c00'
Event: 54.613 Thread 0x00000142a2d757b0 Unloading class 0x00000001000c8800 'java/lang/invoke/LambdaForm$MH+0x00000001000c8800'
Event: 54.613 Thread 0x00000142a2d757b0 Unloading class 0x00000001000c8000 'java/lang/invoke/LambdaForm$MH+0x00000001000c8000'

Classes redefined (0 events):
No events

Internal exceptions (20 events):
Event: 2.241 Thread 0x0000014295a53040 Exception <a 'java/lang/NoSuchMethodError'{0x0000000089b6c0d8}: 'int java.lang.invoke.DirectMethodHandle$Holder.invokeSpecialIFC(java.lang.Object, java.lang.Object, java.lang.Object, java.lang.Object)'> (0x0000000089b6c0d8) 
thrown [e:\jenkins\tmp\workspace\build\src\src\hotspot\share\interpreter\linkResolver.cpp, line 766]
Event: 2.351 Thread 0x0000014295a53040 Exception <a 'java/lang/IncompatibleClassChangeError'{0x00000000897c9688}: Found class java.lang.Object, but interface was expected> (0x00000000897c9688) 
thrown [e:\jenkins\tmp\workspace\build\src\src\hotspot\share\interpreter\linkResolver.cpp, line 833]
Event: 2.385 Thread 0x0000014295a53040 Exception <a 'java/lang/NoSuchMethodError'{0x000000008950abb0}: 'void java.lang.invoke.DirectMethodHandle$Holder.invokeInterface(java.lang.Object, java.lang.Object, java.lang.Object, java.lang.Object)'> (0x000000008950abb0) 
thrown [e:\jenkins\tmp\workspace\build\src\src\hotspot\share\interpreter\linkResolver.cpp, line 766]
Event: 2.677 Thread 0x0000014295a53040 Exception <a 'java/lang/NoSuchMethodError'{0x0000000083add030}: 'void java.lang.invoke.DirectMethodHandle$Holder.invokeInterface(java.lang.Object, java.lang.Object, java.lang.Object)'> (0x0000000083add030) 
thrown [e:\jenkins\tmp\workspace\build\src\src\hotspot\share\interpreter\linkResolver.cpp, line 766]
Event: 2.694 Thread 0x0000014295a53040 Exception <a 'java/lang/NoSuchMethodError'{0x0000000083967080}: 'java.lang.Object java.lang.invoke.DirectMethodHandle$Holder.invokeStaticInit(java.lang.Object, int, int, int, int)'> (0x0000000083967080) 
thrown [e:\jenkins\tmp\workspace\build\src\src\hotspot\share\interpreter\linkResolver.cpp, line 766]
Event: 2.748 Thread 0x0000014295a53040 Exception <a 'java/lang/NoSuchMethodError'{0x00000000839927b8}: 'java.lang.Object java.lang.invoke.DirectMethodHandle$Holder.invokeStaticInit(java.lang.Object, java.lang.Object, int, int, int, int)'> (0x00000000839927b8) 
thrown [e:\jenkins\tmp\workspace\build\src\src\hotspot\share\interpreter\linkResolver.cpp, line 766]
Event: 2.921 Thread 0x0000014295a53040 Exception <a 'java/lang/NoSuchMethodError'{0x00000000835cce88}: 'int java.lang.invoke.DirectMethodHandle$Holder.invokeVirtual(java.lang.Object, java.lang.Object, java.lang.Object)'> (0x00000000835cce88) 
thrown [e:\jenkins\tmp\workspace\build\src\src\hotspot\share\interpreter\linkResolver.cpp, line 766]
Event: 2.999 Thread 0x0000014295a53040 Exception <a 'java/lang/NoSuchMethodError'{0x00000000833cc280}: 'java.lang.Object java.lang.invoke.DirectMethodHandle$Holder.newInvokeSpecial(java.lang.Object, java.lang.Object, java.lang.Object, int, java.lang.Object)'> (0x00000000833cc280) 
thrown [e:\jenkins\tmp\workspace\build\src\src\hotspot\share\interpreter\linkResolver.cpp, line 766]
Event: 3.001 Thread 0x0000014295a53040 Exception <a 'java/lang/NoSuchMethodError'{0x00000000833e0518}: 'void java.lang.invoke.DirectMethodHandle$Holder.invokeSpecialIFC(java.lang.Object, java.lang.Object, java.lang.Object)'> (0x00000000833e0518) 
thrown [e:\jenkins\tmp\workspace\build\src\src\hotspot\share\interpreter\linkResolver.cpp, line 766]
Event: 3.287 Thread 0x0000014295a53040 Exception <a 'java/lang/NoSuchMethodError'{0x0000000088ea55f0}: 'void java.lang.invoke.DirectMethodHandle$Holder.invokeVirtual(java.lang.Object, java.lang.Object)'> (0x0000000088ea55f0) 
thrown [e:\jenkins\tmp\workspace\build\src\src\hotspot\share\interpreter\linkResolver.cpp, line 766]
Event: 3.425 Thread 0x0000014295a53040 Exception <a 'java/lang/NoSuchMethodError'{0x0000000083b646d8}: 'int java.lang.invoke.DirectMethodHandle$Holder.invokeSpecial(java.lang.Object, java.lang.Object, java.lang.Object, java.lang.Object, java.lang.Object)'> (0x0000000083b646d8) 
thrown [e:\jenkins\tmp\workspace\build\src\src\hotspot\share\interpreter\linkResolver.cpp, line 766]
Event: 3.625 Thread 0x0000014295a53040 Exception <a 'java/lang/IncompatibleClassChangeError'{0x00000000839a5808}: Found class java.lang.Object, but interface was expected> (0x00000000839a5808) 
thrown [e:\jenkins\tmp\workspace\build\src\src\hotspot\share\interpreter\linkResolver.cpp, line 833]
Event: 3.631 Thread 0x0000014295a53040 Exception <a 'java/lang/NoSuchMethodError'{0x00000000839de720}: 'java.lang.Object java.lang.invoke.DirectMethodHandle$Holder.invokeVirtual(java.lang.Object, java.lang.Object, java.lang.Object, java.lang.Object)'> (0x00000000839de720) 
thrown [e:\jenkins\tmp\workspace\build\src\src\hotspot\share\interpreter\linkResolver.cpp, line 766]
Event: 3.720 Thread 0x0000014295a53040 Exception <a 'java/lang/NoSuchMethodError'{0x000000008363ca80}: 'java.lang.Object java.lang.invoke.DirectMethodHandle$Holder.newInvokeSpecial(java.lang.Object, java.lang.Object, int, java.lang.Object, java.lang.Object)'> (0x000000008363ca80) 
thrown [e:\jenkins\tmp\workspace\build\src\src\hotspot\share\interpreter\linkResolver.cpp, line 766]
Event: 43.783 Thread 0x00000142a53f62f0 Exception <a 'java/lang/NoSuchMethodError'{0x0000000088df3b20}: 'void java.lang.invoke.DirectMethodHandle$Holder.invokeStatic(java.lang.Object, long)'> (0x0000000088df3b20) 
thrown [e:\jenkins\tmp\workspace\build\src\src\hotspot\share\interpreter\linkResolver.cpp, line 766]
Event: 43.784 Thread 0x00000142a53f62f0 Exception <a 'java/lang/NoSuchMethodError'{0x0000000088df8ed8}: 'java.lang.Object java.lang.invoke.DirectMethodHandle$Holder.newInvokeSpecial(java.lang.Object, long)'> (0x0000000088df8ed8) 
thrown [e:\jenkins\tmp\workspace\build\src\src\hotspot\share\interpreter\linkResolver.cpp, line 766]
Event: 43.786 Thread 0x00000142a53f62f0 Exception <a 'java/lang/NoSuchMethodError'{0x0000000088dffa80}: 'java.lang.Object java.lang.invoke.DirectMethodHandle$Holder.invokeStatic(java.lang.Object, java.lang.Object, long, java.lang.Object)'> (0x0000000088dffa80) 
thrown [e:\jenkins\tmp\workspace\build\src\src\hotspot\share\interpreter\linkResolver.cpp, line 766]
Event: 43.786 Thread 0x00000142a53f62f0 Exception <a 'java/lang/NoSuchMethodError'{0x0000000088c03648}: 'java.lang.Object java.lang.invoke.DirectMethodHandle$Holder.invokeStaticInit(java.lang.Object, java.lang.Object, long, java.lang.Object)'> (0x0000000088c03648) 
thrown [e:\jenkins\tmp\workspace\build\src\src\hotspot\share\interpreter\linkResolver.cpp, line 766]
Event: 43.787 Thread 0x00000142a53f62f0 Exception <a 'java/lang/NoSuchMethodError'{0x0000000088c099a0}: 'java.lang.Object java.lang.invoke.DirectMethodHandle$Holder.newInvokeSpecial(java.lang.Object, java.lang.Object, long)'> (0x0000000088c099a0) 
thrown [e:\jenkins\tmp\workspace\build\src\src\hotspot\share\interpreter\linkResolver.cpp, line 766]
Event: 43.787 Thread 0x00000142a53f62f0 Exception <a 'java/lang/NoSuchMethodError'{0x0000000088c0d510}: 'java.lang.Object java.lang.invoke.Invokers$Holder.linkToTargetMethod(java.lang.Object, long, java.lang.Object)'> (0x0000000088c0d510) 
thrown [e:\jenkins\tmp\workspace\build\src\src\hotspot\share\interpreter\linkResolver.cpp, line 766]

VM Operations (20 events):
Event: 2.593 Executing VM operation: G1Concurrent done
Event: 2.597 Executing VM operation: G1Concurrent
Event: 2.598 Executing VM operation: G1Concurrent done
Event: 3.162 Executing VM operation: HandshakeAllThreads
Event: 3.162 Executing VM operation: HandshakeAllThreads done
Event: 3.223 Executing VM operation: G1CollectForAllocation
Event: 3.235 Executing VM operation: G1CollectForAllocation done
Event: 3.845 Executing VM operation: G1CollectForAllocation
Event: 3.850 Executing VM operation: G1CollectForAllocation done
Event: 5.852 Executing VM operation: Cleanup
Event: 5.852 Executing VM operation: Cleanup done
Event: 43.788 Executing VM operation: HandshakeAllThreads
Event: 43.788 Executing VM operation: HandshakeAllThreads done
Event: 43.788 Executing VM operation: Cleanup
Event: 43.788 Executing VM operation: Cleanup done
Event: 44.227 Executing VM operation: G1CollectFull
Event: 44.261 Executing VM operation: G1CollectFull done
Event: 54.602 Executing VM operation: G1CollectFull
Event: 54.633 Executing VM operation: G1CollectFull done
Event: 65.470 Executing VM operation: G1CollectFull

Events (20 events):
Event: 9.009 Thread 0x000001429360d850 Thread exited: 0x000001429360d850
Event: 14.011 Thread 0x000001429360dd60 Thread exited: 0x000001429360dd60
Event: 43.745 loading class java/lang/ProcessBuilder
Event: 43.746 loading class java/lang/ProcessBuilder done
Event: 43.746 loading class java/lang/ProcessImpl
Event: 43.746 loading class java/lang/Process
Event: 43.746 loading class java/lang/Process done
Event: 43.746 loading class java/lang/ProcessImpl done
Event: 43.784 loading class java/lang/ProcessHandleImpl
Event: 43.785 loading class java/lang/ProcessHandle
Event: 43.785 loading class java/lang/ProcessHandle done
Event: 43.785 loading class java/lang/ProcessHandleImpl done
Event: 43.787 loading class java/lang/ProcessImpl$2
Event: 43.787 loading class java/lang/ProcessImpl$2 done
Event: 43.787 loading class java/lang/Process$PipeInputStream
Event: 43.787 loading class java/lang/Process$PipeInputStream done
Event: 43.788 loading class jdk/internal/event/ProcessStartEvent
Event: 43.788 loading class jdk/internal/event/ProcessStartEvent done
Event: 44.227 loading class java/io/FileOutputStream$1
Event: 44.227 loading class java/io/FileOutputStream$1 done


Dynamic libraries:
0x00007ff6efe40000 - 0x00007ff6efe4e000 	c:\Users\Laure\.vscode\extensions\redhat.java-1.6.0-win32-x64\jre\17.0.2-win32-x86_64\bin\java.exe
0x00007ffa7b3c0000 - 0x00007ffa7b5c9000 	C:\Windows\SYSTEM32\ntdll.dll
0x00007ffa79e40000 - 0x00007ffa79efd000 	C:\Windows\System32\KERNEL32.DLL
0x00007ffa78970000 - 0x00007ffa78ce4000 	C:\Windows\System32\KERNELBASE.dll
0x00007ffa79110000 - 0x00007ffa79221000 	C:\Windows\System32\ucrtbase.dll
0x00007ffa57700000 - 0x00007ffa57718000 	c:\Users\Laure\.vscode\extensions\redhat.java-1.6.0-win32-x64\jre\17.0.2-win32-x86_64\bin\jli.dll
0x00007ffa79230000 - 0x00007ffa793dc000 	C:\Windows\System32\USER32.dll
0x00007ffa78940000 - 0x00007ffa78966000 	C:\Windows\System32\win32u.dll
0x00007ffa79800000 - 0x00007ffa79829000 	C:\Windows\System32\GDI32.dll
0x00007ffa78e10000 - 0x00007ffa78f22000 	C:\Windows\System32\gdi32full.dll
0x00007ffa78d70000 - 0x00007ffa78e0d000 	C:\Windows\System32\msvcp_win.dll
0x00007ffa576e0000 - 0x00007ffa576f9000 	c:\Users\Laure\.vscode\extensions\redhat.java-1.6.0-win32-x64\jre\17.0.2-win32-x86_64\bin\VCRUNTIME140.dll
0x00007ffa5a7e0000 - 0x00007ffa5aa85000 	C:\Windows\WinSxS\amd64_microsoft.windows.common-controls_6595b64144ccf1df_6.0.22000.120_none_9d947278b86cc467\COMCTL32.dll
0x00007ffa7a170000 - 0x00007ffa7a213000 	C:\Windows\System32\msvcrt.dll
0x00007ffa7b020000 - 0x00007ffa7b051000 	C:\Windows\System32\IMM32.DLL
0x00007ffa36aa0000 - 0x00007ffa36bff000 	C:\Program Files (x86)\Citrix\ICA Client\epclient64.dll
0x00007ffa78170000 - 0x00007ffa78197000 	C:\Windows\SYSTEM32\bcrypt.dll
0x00007ffa71790000 - 0x00007ffa7179a000 	C:\Windows\SYSTEM32\VERSION.dll
0x00007ffa7b080000 - 0x00007ffa7b12e000 	C:\Windows\System32\ADVAPI32.dll
0x00007ffa795c0000 - 0x00007ffa7965e000 	C:\Windows\System32\sechost.dll
0x00007ffa79d20000 - 0x00007ffa79e40000 	C:\Windows\System32\RPCRT4.dll
0x00007ffa75ea0000 - 0x00007ffa75ed4000 	C:\Windows\SYSTEM32\ntmarta.dll
0x00007ffa77940000 - 0x00007ffa77958000 	C:\Windows\SYSTEM32\kernel.appcore.dll
0x00007ffa576d0000 - 0x00007ffa576dc000 	c:\Users\Laure\.vscode\extensions\redhat.java-1.6.0-win32-x64\jre\17.0.2-win32-x86_64\bin\vcruntime140_1.dll
0x00007ffa57630000 - 0x00007ffa576c1000 	c:\Users\Laure\.vscode\extensions\redhat.java-1.6.0-win32-x64\jre\17.0.2-win32-x86_64\bin\msvcp140.dll
0x00007ff9eaa40000 - 0x00007ff9eb687000 	c:\Users\Laure\.vscode\extensions\redhat.java-1.6.0-win32-x64\jre\17.0.2-win32-x86_64\bin\server\jvm.dll
0x00007ffa79ca0000 - 0x00007ffa79ca8000 	C:\Windows\System32\PSAPI.DLL
0x00007ffa31ca0000 - 0x00007ffa31ca9000 	C:\Windows\SYSTEM32\WSOCK32.dll
0x00007ffa7a100000 - 0x00007ffa7a16f000 	C:\Windows\System32\WS2_32.dll
0x00007ffa72a50000 - 0x00007ffa72a83000 	C:\Windows\SYSTEM32\WINMM.dll
0x00007ffa2ce30000 - 0x00007ffa2ce3a000 	c:\Users\Laure\.vscode\extensions\redhat.java-1.6.0-win32-x64\jre\17.0.2-win32-x86_64\bin\jimage.dll
0x00007ffa75640000 - 0x00007ffa75861000 	C:\Windows\SYSTEM32\DBGHELP.DLL
0x00007ffa62ed0000 - 0x00007ffa62f01000 	C:\Windows\SYSTEM32\dbgcore.DLL
0x0000014293890000 - 0x000001429390f000 	C:\Windows\System32\bcryptPrimitives.dll
0x00007ffa2ce00000 - 0x00007ffa2ce25000 	c:\Users\Laure\.vscode\extensions\redhat.java-1.6.0-win32-x64\jre\17.0.2-win32-x86_64\bin\java.dll
0x00007ffa2cde0000 - 0x00007ffa2cdf8000 	c:\Users\Laure\.vscode\extensions\redhat.java-1.6.0-win32-x64\jre\17.0.2-win32-x86_64\bin\zip.dll
0x00007ffa7a620000 - 0x00007ffa7adcf000 	C:\Windows\System32\SHELL32.dll
0x00007ffa769b0000 - 0x00007ffa77218000 	C:\Windows\SYSTEM32\windows.storage.dll
0x00007ffa7a2a0000 - 0x00007ffa7a618000 	C:\Windows\System32\combase.dll
0x00007ffa76840000 - 0x00007ffa769a6000 	C:\Windows\SYSTEM32\wintypes.dll
0x00007ffa79710000 - 0x00007ffa797fa000 	C:\Windows\System32\SHCORE.dll
0x00007ffa7b2f0000 - 0x00007ffa7b34d000 	C:\Windows\System32\shlwapi.dll
0x00007ffa787b0000 - 0x00007ffa787d1000 	C:\Windows\SYSTEM32\profapi.dll
0x00007ffa2cdc0000 - 0x00007ffa2cdd9000 	C:\Users\Laure\.vscode\extensions\redhat.java-1.6.0-win32-x64\jre\17.0.2-win32-x86_64\bin\net.dll
0x00007ffa72100000 - 0x00007ffa7220c000 	C:\Windows\SYSTEM32\WINHTTP.dll
0x00007ffa77d70000 - 0x00007ffa77dd7000 	C:\Windows\system32\mswsock.dll
0x00007ffa2cda0000 - 0x00007ffa2cdb5000 	C:\Users\Laure\.vscode\extensions\redhat.java-1.6.0-win32-x64\jre\17.0.2-win32-x86_64\bin\nio.dll
0x00007ffa70620000 - 0x00007ffa70630000 	c:\Users\Laure\.vscode\extensions\redhat.java-1.6.0-win32-x64\jre\17.0.2-win32-x86_64\bin\verify.dll
0x00007ffa57520000 - 0x00007ffa57529000 	C:\Users\Laure\.vscode\extensions\redhat.java-1.6.0-win32-x64\jre\17.0.2-win32-x86_64\bin\management.dll
0x00007ffa57510000 - 0x00007ffa5751b000 	C:\Users\Laure\.vscode\extensions\redhat.java-1.6.0-win32-x64\jre\17.0.2-win32-x86_64\bin\management_ext.dll
0x00007ffa40c00000 - 0x00007ffa40c17000 	C:\Windows\system32\napinsp.dll
0x00007ffa40be0000 - 0x00007ffa40bfb000 	C:\Windows\system32\pnrpnsp.dll
0x00007ffa774e0000 - 0x00007ffa775c8000 	C:\Windows\SYSTEM32\DNSAPI.dll
0x00007ffa77470000 - 0x00007ffa7749d000 	C:\Windows\SYSTEM32\IPHLPAPI.DLL
0x00007ffa79d10000 - 0x00007ffa79d19000 	C:\Windows\System32\NSI.dll
0x00007ffa40870000 - 0x00007ffa40882000 	C:\Windows\System32\winrnr.dll
0x00007ffa71740000 - 0x00007ffa71755000 	C:\Windows\system32\wshbth.dll
0x00007ffa40850000 - 0x00007ffa4086f000 	C:\Windows\system32\nlansp_c.dll
0x00007ffa5a030000 - 0x00007ffa5a03a000 	C:\Windows\System32\rasadhlp.dll
0x00007ffa71410000 - 0x00007ffa71491000 	C:\Windows\System32\fwpuclnt.dll
0x00007ffa77f90000 - 0x00007ffa77fa8000 	C:\Windows\SYSTEM32\CRYPTSP.dll
0x00007ffa778a0000 - 0x00007ffa778d5000 	C:\Windows\system32\rsaenh.dll
0x00007ffa77e30000 - 0x00007ffa77e59000 	C:\Windows\SYSTEM32\USERENV.dll
0x00007ffa77f80000 - 0x00007ffa77f8c000 	C:\Windows\SYSTEM32\CRYPTBASE.dll
0x00007ffa72440000 - 0x00007ffa72459000 	C:\Windows\SYSTEM32\dhcpcsvc6.DLL
0x00007ffa726f0000 - 0x00007ffa7270e000 	C:\Windows\SYSTEM32\dhcpcsvc.DLL

dbghelp: loaded successfully - version: 4.0.5 - missing functions: none
symbol engine: initialized successfully - sym options: 0x614 - pdb path: .;c:\Users\Laure\.vscode\extensions\redhat.java-1.6.0-win32-x64\jre\17.0.2-win32-x86_64\bin;C:\Windows\SYSTEM32;C:\Windows\WinSxS\amd64_microsoft.windows.common-controls_6595b64144ccf1df_6.0.22000.120_none_9d947278b86cc467;C:\Program Files (x86)\Citrix\ICA Client;c:\Users\Laure\.vscode\extensions\redhat.java-1.6.0-win32-x64\jre\17.0.2-win32-x86_64\bin\server

VM Arguments:
jvm_args: -Dsts.lsp.client=vscode -Dsts.log.file=/dev/null -XX:TieredStopAtLevel=1 -Dspring.config.location=file:c:\Users\Laure\.vscode\extensions\pivotal.vscode-spring-boot-1.33.0\language-server\BOOT-INF\classes\application.properties 
java_command: org.springframework.ide.vscode.boot.app.BootLanguageServerBootApp
java_class_path (initial): c:\Users\Laure\.vscode\extensions\pivotal.vscode-spring-boot-1.33.0\language-server\BOOT-INF\classes;c:\Users\Laure\.vscode\extensions\pivotal.vscode-spring-boot-1.33.0\language-server\BOOT-INF\lib\antlr4-runtime-4.5.3.jar;c:\Users\Laure\.vscode\extensions\pivotal.vscode-spring-boot-1.33.0\language-server\BOOT-INF\lib\byte-buddy-1.10.18.jar;c:\Users\Laure\.vscode\extensions\pivotal.vscode-spring-boot-1.33.0\language-server\BOOT-INF\lib\commons-codec-1.14.jar;c:\Users\Laure\.vscode\extensions\pivotal.vscode-spring-boot-1.33.0\language-server\BOOT-INF\lib\commons-io-2.4.jar;c:\Users\Laure\.vscode\extensions\pivotal.vscode-spring-boot-1.33.0\language-server\BOOT-INF\lib\commons-java-1.33.0-SNAPSHOT.jar;c:\Users\Laure\.vscode\extensions\pivotal.vscode-spring-boot-1.33.0\language-server\BOOT-INF\lib\commons-lang3-3.10.jar;c:\Users\Laure\.vscode\extensions\pivotal.vscode-spring-boot-1.33.0\language-server\BOOT-INF\lib\commons-language-server-1.33.0-SNAPSHOT.jar;c:\Users\Laure\.vscode\extensions\pivotal.vscode-spring-boot-1.33.0\language-server\BOOT-INF\lib\commons-lsp-extensions-1.33.0-SNAPSHOT.jar;c:\Users\Laure\.vscode\extensions\pivotal.vscode-spring-boot-1.33.0\language-server\BOOT-INF\lib\commons-util-1.33.0-SNAPSHOT.jar;c:\Users\Laure\.vscode\extensions\pivotal.vscode-spring-boot-1.33.0\language-server\BOOT-INF\lib\commons-yaml-1.33.0-SNAPSHOT.jar;c:\Users\Laure\.vscode\extensions\pivotal.vscode-spring-boot-1.33.0\language-server\BOOT-INF\lib\gson-2.8.6.jar;c:\Users\Laure\.vscode\extensions\pivotal.vscode-spring-boot-1.33.0\language-server\BOOT-INF\lib\guava-19.0.jar;c:\Users\Laure\.vscode\extensions\pivotal.vscode-spring-boot-1.33.0\language-server\BOOT-INF\lib\jakarta.annotation-api-1.3.5.jar;c:\Users\Laure\.vscode\extensions\pivotal.vscode-spring-boot-1.33.0\language-server\BOOT-INF\lib\jandex-2.0.5.Final.jar;c:\Users\Laure\.vscode\extensions\pivotal.vscode-spring-boot-1.33.0\language-server\BOOT-INF\lib\java-properties-1.33.0-SNAPSHO
Launcher Type: SUN_STANDARD

[Global flags]
     intx CICompilerCount                          = 4                                         {product} {ergonomic}
     uint ConcGCThreads                            = 2                                         {product} {ergonomic}
     uint G1ConcRefinementThreads                  = 8                                         {product} {ergonomic}
   size_t G1HeapRegionSize                         = 1048576                                   {product} {ergonomic}
    uintx GCDrainStackTargetSize                   = 64                                        {product} {ergonomic}
   size_t InitialHeapSize                          = 134217728                                 {product} {ergonomic}
   size_t MarkStackSize                            = 4194304                                   {product} {ergonomic}
   size_t MaxHeapSize                              = 2118123520                                {product} {ergonomic}
   size_t MaxNewSize                               = 1270874112                                {product} {ergonomic}
   size_t MinHeapDeltaBytes                        = 1048576                                   {product} {ergonomic}
   size_t MinHeapSize                              = 8388608                                   {product} {ergonomic}
    uintx NonProfiledCodeHeapSize                  = 0                                      {pd product} {ergonomic}
     bool ProfileInterpreter                       = false                                  {pd product} {command line}
    uintx ProfiledCodeHeapSize                     = 0                                      {pd product} {ergonomic}
   size_t SoftMaxHeapSize                          = 2118123520                             {manageable} {ergonomic}
     intx TieredStopAtLevel                        = 1                                         {product} {command line}
     bool UseCompressedClassPointers               = true                           {product lp64_product} {ergonomic}
     bool UseCompressedOops                        = true                           {product lp64_product} {ergonomic}
     bool UseG1GC                                  = true                                      {product} {ergonomic}
     bool UseLargePagesIndividualAllocation        = false                                  {pd product} {ergonomic}

Logging:
Log output configuration:
 #0: stdout all=warning uptime,level,tags
 #1: stderr all=off uptime,level,tags

Environment Variables:
JAVA_HOME=C:\xampp\tomcat\
CLASSPATH=.;C:\PROGRA~2\Griaule\FINGER~1\bin\GRFING~1.JAR;C:\PROGRA~2\Griaule\GRIAUL~1.0\bin\GRIAUL~1.JAR
PATH=C:\Program Files\Common Files\Oracle\Java\javapath;C:\Program Files (x86)\Common Files\Oracle\Java\javapath;C:\Windows\system32;C:\Windows;C:\Windows\System32\Wbem;C:\Windows\System32\WindowsPowerShell\v1.0\;C:\Windows\System32\OpenSSH\;C:\PROGRA~2\Griaule\FINGER~1\bin;C:\PROGRA~2\Griaule\GRIAUL~1.0\bin;C:\Program Files\dotnet\;C:\xampp\php;C:\Program Files\Git\cmd;C:\Program Files\nodejs\;C:\Program Files\Java\jdk-11\bin;%CATALINA_HOME%\bin;C:\xampp\tomcat\\bin;C:\composer;C:\ProgramData\ComposerSetup\bin;C:\Program Files\Docker\Docker\resources\bin;C:\ProgramData\DockerDesktop\version-bin;C:\Program Files\Microsoft SQL Server\Client SDK\ODBC\170\Tools\Binn\;C:\Program Files\Microsoft SQL Server\150\Tools\Binn\;C:\Program Files (x86)\Microsoft SQL Server\150\DTS\Binn\;C:\Program Files\Azure Data Studio\bin;C:\Program Files (x86)\Microsoft SQL Server\150\Tools\Binn\;C:\Program Files\Microsoft SQL Server\150\DTS\Binn\;C:\Users\Laure\AppData\Local\Microsoft\WindowsApps;C:\Users\Laure\AppData\Local\Programs\Microsoft VS Code\bin;C:\Users\Laure\.dotnet\tools;C:\Users\Laure\AppData\Roaming\Composer\vendor\bin;C:\Users\Laure\AppData\Roaming\npm;C:\Program Files\Azure Data Studio\bin
USERNAME=Laure
OS=Windows_NT
PROCESSOR_IDENTIFIER=Intel64 Family 6 Model 142 Stepping 11, GenuineIntel



---------------  S Y S T E M  ---------------

OS:
 Windows 11 , 64 bit Build 22000 (10.0.22000.613)
OS uptime: 0 days 10:22 hours
Hyper-V role detected

CPU: total 8 (initial active 8) (4 cores per cpu, 2 threads per core) family 6 model 142 stepping 11 microcode 0xde, cx8, cmov, fxsr, ht, mmx, 3dnowpref, sse, sse2, sse3, ssse3, sse4.1, sse4.2, popcnt, lzcnt, tsc, tscinvbit, avx, avx2, aes, erms, clmul, bmi1, bmi2, adx, fma, vzeroupper, clflush, clflushopt, hv

Memory: 4k page, system-wide physical 8079M (370M free)
TotalPageFile size 24237M (AvailPageFile size 54M)
current process WorkingSet (physical memory assigned to process): 109M, peak: 112M
current process commit charge ("private bytes"): 144M, peak: 231M

vm_info: OpenJDK 64-Bit Server VM (17.0.2+8) for windows-amd64 JRE (17.0.2+8), built on Jan 20 2022 04:52:34 by "" with MS VC++ 16.7 (VS2019)

END.
